#
# There is insufficient memory for the Java Runtime Environment to continue.
# Native memory allocation (malloc) failed to allocate 1048576 bytes. Error detail: AllocateHeap
# Possible reasons:
#   The system is out of physical RAM or swap space
#   This process is running with CompressedOops enabled, and the Java Heap may be blocking the growth of the native heap
# Possible solutions:
#   Reduce memory load on the system
#   Increase physical memory or swap space
#   Check if swap backing store is full
#   Decrease Java heap size (-Xmx/-Xms)
#   Decrease number of Java threads
#   Decrease Java thread stack sizes (-Xss)
#   Set larger code cache with -XX:ReservedCodeCacheSize=
#   JVM is running with Unscaled Compressed Oops mode in which the Java heap is
#     placed in the first 4GB address space. The Java Heap base address is the
#     maximum limit for the native heap growth. Please use -XX:HeapBaseMinAddress
#     to set the Java Heap base and to place the Java Heap above 4GB virtual address.
# This output file may be truncated or incomplete.
#
#  Out of Memory Error (allocation.cpp:44), pid=13296, tid=12120
#
# JRE version: OpenJDK Runtime Environment Temurin-21.0.10+7 (21.0.10+7) (build 21.0.10+7-LTS)
# Java VM: OpenJDK 64-Bit Server VM Temurin-21.0.10+7 (21.0.10+7-LTS, mixed mode, sharing, tiered, compressed oops, compressed class ptrs, parallel gc, windows-amd64)
# No core dump will be written. Minidumps are not enabled by default on client versions of Windows
#

---------------  S U M M A R Y ------------

Command Line: --add-modules=ALL-SYSTEM --add-opens=java.base/java.util=ALL-UNNAMED --add-opens=java.base/java.lang=ALL-UNNAMED --add-opens=java.base/sun.nio.fs=ALL-UNNAMED -Declipse.application=org.eclipse.jdt.ls.core.id1 -Dosgi.bundles.defaultStartLevel=4 -Declipse.product=org.eclipse.jdt.ls.core.product -Djava.import.generatesMetadataFilesAtProjectRoot=false -DDetectVMInstallationsJob.disabled=true -Dfile.encoding=utf8 -XX:+UseParallelGC -XX:GCTimeRatio=4 -XX:AdaptiveSizePolicyWeight=90 -Dsun.zip.disableMemoryMapping=true -Xmx2G -Xms100m -Xlog:disable -javaagent:c:\Users\HP\.vscode\extensions\redhat.java-1.54.0-win32-x64\lombok\lombok-1.18.39-4050.jar -XX:+HeapDumpOnOutOfMemoryError -XX:HeapDumpPath=c:\Users\HP\AppData\Roaming\Code\User\workspaceStorage\db88e1af030a805d39d60710c9a89757\redhat.java -Daether.dependencyCollector.impl=bf c:\Users\HP\.vscode\extensions\redhat.java-1.54.0-win32-x64\server\plugins\org.eclipse.equinox.launcher_1.7.100.v20251111-0406.jar -configuration c:\Users\HP\AppData\Roaming\Code\User\globalStorage\redhat.java\1.54.0\config_win -data c:\Users\HP\AppData\Roaming\Code\User\workspaceStorage\db88e1af030a805d39d60710c9a89757\redhat.java\jdt_ws --pipe=\\.\pipe\lsp-cac13bf8094d2d89624a79dee77bc40b-sock

Host: 12th Gen Intel(R) Core(TM) i5-1235U, 12 cores, 7G,  Windows 11 , 64 bit Build 26100 (10.0.26100.8328)
Time: Mon Jun  8 20:53:30 2026 India Standard Time elapsed time: 1396.966047 seconds (0d 0h 23m 16s)

---------------  T H R E A D  ---------------

Current thread (0x000001ecf0350c90):  JavaThread "Attach Listener" daemon [_thread_in_vm, id=12120, stack(0x000000dfe2b00000,0x000000dfe2c00000) (1024K)]

Stack: [0x000000dfe2b00000,0x000000dfe2c00000]
Native frames: (J=compiled Java code, j=interpreted, Vv=VM code, C=native code)
V  [jvm.dll+0x6d7a39]
V  [jvm.dll+0x8b4b26]
V  [jvm.dll+0x8b70de]
V  [jvm.dll+0x8b77c3]
V  [jvm.dll+0x284346]
V  [jvm.dll+0xc1277]
V  [jvm.dll+0x6d82e9]
V  [jvm.dll+0x1334a6]
V  [jvm.dll+0x3f857e]
V  [jvm.dll+0x85f59d]
V  [jvm.dll+0x6d626d]
C  [ucrtbase.dll+0x37b0]
C  [KERNEL32.DLL+0x2e957]
C  [ntdll.dll+0x427c]


---------------  P R O C E S S  ---------------

Threads class SMR info:
_java_thread_list=0x000001ecf9731d70, length=58, elements={
0x000001ec9695f3d0, 0x000001ecad40e040, 0x000001ecf0349e80, 0x000001ecf034cec0,
0x000001ecf0350c90, 0x000001ecf035a4c0, 0x000001ecf0360430, 0x000001ecf03645e0,
0x000001ecf0365230, 0x000001ecf0559970, 0x000001ecf07184b0, 0x000001ecf0cbf400,
0x000001ecf0b7df10, 0x000001ecf0e2da10, 0x000001ecf0b7d860, 0x000001ecf0da4970,
0x000001ecf0acae50, 0x000001ecf0d0a3f0, 0x000001ecf5509140, 0x000001ecf55097d0,
0x000001ecf5509e60, 0x000001ecf5507d90, 0x000001ecf5508ab0, 0x000001ecf7abbc00,
0x000001ecf7aba850, 0x000001ecf7abc290, 0x000001ecf7ab9b30, 0x000001ecf7abaee0,
0x000001ecf7aba1c0, 0x000001ecf7abb570, 0x000001ecf7ab8e10, 0x000001ecf7abc920,
0x000001ecf7ab94a0, 0x000001ecf7ac0430, 0x000001ecf7abcfb0, 0x000001ecf7abdcd0,
0x000001ecf7abfda0, 0x000001ecf72b8610, 0x000001ecf72b8ca0, 0x000001ecf72b99c0,
0x000001ecf72ba050, 0x000001ecf72bb400, 0x000001ecf72bce40, 0x000001ecf81efb20,
0x000001ecf8cc2690, 0x000001ecf8cc33b0, 0x000001ecf8cc4760, 0x000001ecf8cc12e0,
0x000001ecf8cc4df0, 0x000001ecf8cc1970, 0x000001ecf8cc6ec0, 0x000001ecf8cc5b10,
0x000001ecf8cc7550, 0x000001ecf8cc7be0, 0x000001ecf8cc8900, 0x000001ecf81f1bf0,
0x000001ecf81f01b0, 0x000001ecf81ef490
}

Java Threads: ( => current thread )
  0x000001ec9695f3d0 JavaThread "main"                              [_thread_blocked, id=23416, stack(0x000000dfe2400000,0x000000dfe2500000) (1024K)]
  0x000001ecad40e040 JavaThread "Reference Handler"          daemon [_thread_blocked, id=21416, stack(0x000000dfe2800000,0x000000dfe2900000) (1024K)]
  0x000001ecf0349e80 JavaThread "Finalizer"                  daemon [_thread_blocked, id=896, stack(0x000000dfe2900000,0x000000dfe2a00000) (1024K)]
  0x000001ecf034cec0 JavaThread "Signal Dispatcher"          daemon [_thread_blocked, id=20368, stack(0x000000dfe2a00000,0x000000dfe2b00000) (1024K)]
=>0x000001ecf0350c90 JavaThread "Attach Listener"            daemon [_thread_in_vm, id=12120, stack(0x000000dfe2b00000,0x000000dfe2c00000) (1024K)]
  0x000001ecf035a4c0 JavaThread "Service Thread"             daemon [_thread_blocked, id=22616, stack(0x000000dfe2c00000,0x000000dfe2d00000) (1024K)]
  0x000001ecf0360430 JavaThread "Monitor Deflation Thread"   daemon [_thread_blocked, id=13216, stack(0x000000dfe2d00000,0x000000dfe2e00000) (1024K)]
  0x000001ecf03645e0 JavaThread "C2 CompilerThread0"         daemon [_thread_blocked, id=18216, stack(0x000000dfe2e00000,0x000000dfe2f00000) (1024K)]
  0x000001ecf0365230 JavaThread "C1 CompilerThread0"         daemon [_thread_blocked, id=16452, stack(0x000000dfe2f00000,0x000000dfe3000000) (1024K)]
  0x000001ecf0559970 JavaThread "Common-Cleaner"             daemon [_thread_blocked, id=19184, stack(0x000000dfe3000000,0x000000dfe3100000) (1024K)]
  0x000001ecf07184b0 JavaThread "Notification Thread"        daemon [_thread_blocked, id=9616, stack(0x000000dfe3200000,0x000000dfe3300000) (1024K)]
  0x000001ecf0cbf400 JavaThread "Active Thread: Equinox Container: 11d97138-cc33-4996-83a2-d65988ae2b5a"        [_thread_blocked, id=19796, stack(0x000000dfe3900000,0x000000dfe3a00000) (1024K)]
  0x000001ecf0b7df10 JavaThread "Refresh Thread: Equinox Container: 11d97138-cc33-4996-83a2-d65988ae2b5a" daemon [_thread_blocked, id=784, stack(0x000000dfe3b00000,0x000000dfe3c00000) (1024K)]
  0x000001ecf0e2da10 JavaThread "Framework Event Dispatcher: Equinox Container: 11d97138-cc33-4996-83a2-d65988ae2b5a" daemon [_thread_blocked, id=7020, stack(0x000000dfe3c00000,0x000000dfe3d00000) (1024K)]
  0x000001ecf0b7d860 JavaThread "Start Level: Equinox Container: 11d97138-cc33-4996-83a2-d65988ae2b5a" daemon [_thread_blocked, id=26052, stack(0x000000dfe3a00000,0x000000dfe3b00000) (1024K)]
  0x000001ecf0da4970 JavaThread "Bundle File Closer"         daemon [_thread_blocked, id=23604, stack(0x000000dfe4000000,0x000000dfe4100000) (1024K)]
  0x000001ecf0acae50 JavaThread "SCR Component Actor"        daemon [_thread_blocked, id=20024, stack(0x000000dfe3d00000,0x000000dfe3e00000) (1024K)]
  0x000001ecf0d0a3f0 JavaThread "Worker-JM"                         [_thread_blocked, id=21964, stack(0x000000dfe4300000,0x000000dfe4400000) (1024K)]
  0x000001ecf5509140 JavaThread "JNA Cleaner"                daemon [_thread_blocked, id=10564, stack(0x000000dfe4100000,0x000000dfe4200000) (1024K)]
  0x000001ecf55097d0 JavaThread "Worker-1"                          [_thread_blocked, id=22628, stack(0x000000dfe4400000,0x000000dfe4500000) (1024K)]
  0x000001ecf5509e60 JavaThread "Java indexing"              daemon [_thread_blocked, id=22864, stack(0x000000dfe4600000,0x000000dfe4700000) (1024K)]
  0x000001ecf5507d90 JavaThread "Thread-1"                   daemon [_thread_in_native, id=18744, stack(0x000000dfe4c00000,0x000000dfe4d00000) (1024K)]
  0x000001ecf5508ab0 JavaThread "Thread-2"                   daemon [_thread_in_native, id=11176, stack(0x000000dfe4d00000,0x000000dfe4e00000) (1024K)]
  0x000001ecf7abbc00 JavaThread "Thread-3"                   daemon [_thread_in_native, id=11568, stack(0x000000dfe4e00000,0x000000dfe4f00000) (1024K)]
  0x000001ecf7aba850 JavaThread "Thread-4"                   daemon [_thread_in_native, id=17172, stack(0x000000dfe4f00000,0x000000dfe5000000) (1024K)]
  0x000001ecf7abc290 JavaThread "Thread-5"                   daemon [_thread_in_native, id=19624, stack(0x000000dfe5000000,0x000000dfe5100000) (1024K)]
  0x000001ecf7ab9b30 JavaThread "Thread-6"                   daemon [_thread_in_native, id=24844, stack(0x000000dfe5100000,0x000000dfe5200000) (1024K)]
  0x000001ecf7abaee0 JavaThread "Thread-7"                   daemon [_thread_in_native, id=19700, stack(0x000000dfe5200000,0x000000dfe5300000) (1024K)]
  0x000001ecf7aba1c0 JavaThread "Thread-8"                   daemon [_thread_in_native, id=16340, stack(0x000000dfe5300000,0x000000dfe5400000) (1024K)]
  0x000001ecf7abb570 JavaThread "Thread-9"                   daemon [_thread_in_native, id=13376, stack(0x000000dfe5400000,0x000000dfe5500000) (1024K)]
  0x000001ecf7ab8e10 JavaThread "Thread-10"                  daemon [_thread_in_native, id=24404, stack(0x000000dfe5500000,0x000000dfe5600000) (1024K)]
  0x000001ecf7abc920 JavaThread "Thread-11"                  daemon [_thread_in_native, id=17888, stack(0x000000dfe5600000,0x000000dfe5700000) (1024K)]
  0x000001ecf7ab94a0 JavaThread "Thread-12"                  daemon [_thread_in_native, id=6516, stack(0x000000dfe5700000,0x000000dfe5800000) (1024K)]
  0x000001ecf7ac0430 JavaThread "Thread-13"                  daemon [_thread_in_native, id=21292, stack(0x000000dfe5800000,0x000000dfe5900000) (1024K)]
  0x000001ecf7abcfb0 JavaThread "pool-2-thread-1"                   [_thread_blocked, id=15728, stack(0x000000dfe5900000,0x000000dfe5a00000) (1024K)]
  0x000001ecf7abdcd0 JavaThread "WorkspaceEventsHandler"            [_thread_blocked, id=19936, stack(0x000000dfe5c00000,0x000000dfe5d00000) (1024K)]
  0x000001ecf7abfda0 JavaThread "pool-1-thread-1"                   [_thread_blocked, id=24048, stack(0x000000dfe5d00000,0x000000dfe5e00000) (1024K)]
  0x000001ecf72b8610 JavaThread "ForkJoinPool.commonPool-worker-2" daemon [_thread_blocked, id=15256, stack(0x000000dfe6000000,0x000000dfe6100000) (1024K)]
  0x000001ecf72b8ca0 JavaThread "ForkJoinPool.commonPool-worker-3" daemon [_thread_blocked, id=15776, stack(0x000000dfe6100000,0x000000dfe6200000) (1024K)]
  0x000001ecf72b99c0 JavaThread "ForkJoinPool.commonPool-worker-5" daemon [_thread_blocked, id=16180, stack(0x000000dfe6300000,0x000000dfe6400000) (1024K)]
  0x000001ecf72ba050 JavaThread "ForkJoinPool.commonPool-worker-6" daemon [_thread_blocked, id=6384, stack(0x000000dfe6400000,0x000000dfe6500000) (1024K)]
  0x000001ecf72bb400 JavaThread "ForkJoinPool.commonPool-worker-8" daemon [_thread_blocked, id=396, stack(0x000000dfe6600000,0x000000dfe6700000) (1024K)]
  0x000001ecf72bce40 JavaThread "Cleaner-0"                  daemon [_thread_blocked, id=21144, stack(0x000000dfe6700000,0x000000dfe6800000) (1024K)]
  0x000001ecf81efb20 JavaThread "ForkJoinPool.commonPool-worker-9" daemon [_thread_blocked, id=1476, stack(0x000000dfe4800000,0x000000dfe4900000) (1024K)]
  0x000001ecf8cc2690 JavaThread "Worker-7"                          [_thread_blocked, id=4072, stack(0x000000dfe2100000,0x000000dfe2200000) (1024K)]
  0x000001ecf8cc33b0 JavaThread "Compiler Source File Reader" daemon [_thread_blocked, id=18396, stack(0x000000dfe2200000,0x000000dfe2300000) (1024K)]
  0x000001ecf8cc4760 JavaThread "Compiler Source File Reader" daemon [_thread_blocked, id=18484, stack(0x000000dfe4200000,0x000000dfe4300000) (1024K)]
  0x000001ecf8cc12e0 JavaThread "Compiler Source File Reader" daemon [_thread_blocked, id=15548, stack(0x000000dfe4500000,0x000000dfe4600000) (1024K)]
  0x000001ecf8cc4df0 JavaThread "Compiler Source File Reader" daemon [_thread_blocked, id=13408, stack(0x000000dfe4700000,0x000000dfe4800000) (1024K)]
  0x000001ecf8cc1970 JavaThread "Compiler Source File Reader" daemon [_thread_blocked, id=20304, stack(0x000000dfe4900000,0x000000dfe4a00000) (1024K)]
  0x000001ecf8cc6ec0 JavaThread "Compiler Source File Reader" daemon [_thread_blocked, id=16892, stack(0x000000dfe4a00000,0x000000dfe4b00000) (1024K)]
  0x000001ecf8cc5b10 JavaThread "Compiler Source File Reader" daemon [_thread_blocked, id=18828, stack(0x000000dfe6200000,0x000000dfe6300000) (1024K)]
  0x000001ecf8cc7550 JavaThread "Compiler Source File Reader" daemon [_thread_blocked, id=7300, stack(0x000000dfe6500000,0x000000dfe6600000) (1024K)]
  0x000001ecf8cc7be0 JavaThread "Compiler Source File Reader" daemon [_thread_blocked, id=23976, stack(0x000000dfe6800000,0x000000dfe6900000) (1024K)]
  0x000001ecf8cc8900 JavaThread "Compiler Source File Reader" daemon [_thread_blocked, id=4040, stack(0x000000dfe6900000,0x000000dfe6a00000) (1024K)]
  0x000001ecf81f1bf0 JavaThread "Compiler Processing Task"   daemon [_thread_blocked, id=11380, stack(0x000000dfe5e00000,0x000000dfe5f00000) (1024K)]
  0x000001ecf81f01b0 JavaThread "Worker-8"                          [_thread_blocked, id=13268, stack(0x000000dfe6d00000,0x000000dfe6e00000) (1024K)]
  0x000001ecf81ef490 JavaThread "Worker-9"                          [_thread_blocked, id=2776, stack(0x000000dfe2300000,0x000000dfe2400000) (1024K)]
Total: 58

Other Threads:
  0x000001ecad3f3320 VMThread "VM Thread"                           [id=19048, stack(0x000000dfe2700000,0x000000dfe2800000) (1024K)]
  0x000001ecad2eca00 WatcherThread "VM Periodic Task Thread"        [id=10388, stack(0x000000dfe2600000,0x000000dfe2700000) (1024K)]
  0x000001ec9697e9d0 WorkerThread "GC Thread#0"                     [id=14824, stack(0x000000dfe2500000,0x000000dfe2600000) (1024K)]
  0x000001ecf0927120 WorkerThread "GC Thread#1"                     [id=22056, stack(0x000000dfe3300000,0x000000dfe3400000) (1024K)]
  0x000001ecf0d49e70 WorkerThread "GC Thread#2"                     [id=25800, stack(0x000000dfe3400000,0x000000dfe3500000) (1024K)]
  0x000001ecf52f5630 WorkerThread "GC Thread#3"                     [id=9860, stack(0x000000dfe3500000,0x000000dfe3600000) (1024K)]
  0x000001ecf52f59e0 WorkerThread "GC Thread#4"                     [id=14212, stack(0x000000dfe3600000,0x000000dfe3700000) (1024K)]
  0x000001ecf0eadea0 WorkerThread "GC Thread#5"                     [id=20416, stack(0x000000dfe3700000,0x000000dfe3800000) (1024K)]
  0x000001ecf0eae250 WorkerThread "GC Thread#6"                     [id=24352, stack(0x000000dfe3800000,0x000000dfe3900000) (1024K)]
  0x000001ecf0365cd0 WorkerThread "GC Thread#7"                     [id=16020, stack(0x000000dfe3100000,0x000000dfe3200000) (1024K)]
  0x000001ecf081e390 WorkerThread "GC Thread#8"                     [id=15764, stack(0x000000dfe3e00000,0x000000dfe3f00000) (1024K)]
  0x000001ecf5394ce0 WorkerThread "GC Thread#9"                     [id=16252, stack(0x000000dfe3f00000,0x000000dfe4000000) (1024K)]
Total: 12

Threads with active compile tasks:
Total: 0

VM state: not at safepoint (normal execution)

VM Mutex/Monitor currently owned by a thread: None

Heap address: 0x0000000080000000, size: 2048 MB, Compressed Oops mode: 32-bit

CDS archive(s) mapped at: [0x000001ecae000000-0x000001ecaeba0000-0x000001ecaeba0000), size 12189696, SharedBaseAddress: 0x000001ecae000000, ArchiveRelocationMode: 1.
Compressed class space mapped at: 0x000001ecaf000000-0x000001ecef000000, reserved size: 1073741824
Narrow klass base: 0x000001ecae000000, Narrow klass shift: 0, Narrow klass range: 0x100000000

GC Precious Log:
 CardTable entry size: 512
 CPUs: 12 total, 12 available
 Memory: 7863M
 Large Page Support: Disabled
 NUMA Support: Disabled
 Compressed Oops: Enabled (32-bit)
 Alignments: Space 512K, Generation 512K, Heap 2M
 Heap Min Capacity: 100M
 Heap Initial Capacity: 100M
 Heap Max Capacity: 2G
 Pre-touch: Disabled
 Parallel Workers: 10

Heap:
 PSYoungGen      total 6656K, used 3500K [0x00000000d5580000, 0x00000000d6100000, 0x0000000100000000)
  eden space 6144K, 48% used [0x00000000d5580000,0x00000000d586f230,0x00000000d5b80000)
  from space 512K, 96% used [0x00000000d6000000,0x00000000d607c010,0x00000000d6080000)
  to   space 512K, 0% used [0x00000000d6080000,0x00000000d6080000,0x00000000d6100000)
 ParOldGen       total 974848K, used 974725K [0x0000000080000000, 0x00000000bb800000, 0x00000000d5580000)
  object space 974848K, 99% used [0x0000000080000000,0x00000000bb7e1478,0x00000000bb800000)
 Metaspace       used 86896K, committed 88640K, reserved 1179648K
  class space    used 8674K, committed 9472K, reserved 1048576K

Card table byte_map: [0x000001ec96300000,0x000001ec96710000] _byte_map_base: 0x000001ec95f00000

Marking Bits: (ParMarkBitMap*) 0x00007ffe9e283450
 Begin Bits: [0x000001eca8e10000, 0x000001ecaae10000)
 End Bits:   [0x000001ecaae10000, 0x000001ecace10000)

Polling page: 0x000001ec94b40000

Metaspace:

Usage:
  Non-class:     76.39 MB used.
      Class:      8.47 MB used.
       Both:     84.86 MB used.

Virtual space:
  Non-class space:      128.00 MB reserved,      77.31 MB ( 60%) committed,  2 nodes.
      Class space:        1.00 GB reserved,       9.25 MB ( <1%) committed,  1 nodes.
             Both:        1.12 GB reserved,      86.56 MB (  8%) committed. 

Chunk freelists:
   Non-Class:  2.58 MB
       Class:  6.73 MB
        Both:  9.31 MB

MaxMetaspaceSize: unlimited
CompressedClassSpaceSize: 1.00 GB
Initial GC threshold: 21.00 MB
Current GC threshold: 140.25 MB
CDS: on
 - commit_granule_bytes: 65536.
 - commit_granule_words: 8192.
 - virtual_space_node_default_size: 8388608.
 - enlarge_chunks_in_place: 1.
 - use_allocation_guard: 0.


Internal statistics:

num_allocs_failed_limit: 9.
num_arena_births: 1646.
num_arena_deaths: 16.
num_vsnodes_births: 3.
num_vsnodes_deaths: 0.
num_space_committed: 1385.
num_space_uncommitted: 0.
num_chunks_returned_to_freelist: 26.
num_chunks_taken_from_freelist: 6021.
num_chunk_merges: 11.
num_chunk_splits: 3614.
num_chunks_enlarged: 1963.
num_inconsistent_stats: 0.

CodeHeap 'non-profiled nmethods': size=120000Kb used=20902Kb max_used=21466Kb free=99097Kb
 bounds [0x000001eca1630000, 0x000001eca2b30000, 0x000001eca8b60000]
CodeHeap 'profiled nmethods': size=120000Kb used=46449Kb max_used=49538Kb free=73550Kb
 bounds [0x000001ec99b60000, 0x000001ec9cbd0000, 0x000001eca1090000]
CodeHeap 'non-nmethods': size=5760Kb used=1511Kb max_used=1581Kb free=4248Kb
 bounds [0x000001eca1090000, 0x000001eca1300000, 0x000001eca1630000]
CodeCache: size=245760Kb, used=68862Kb, max_used=72585Kb, free=176895Kb
 total_blobs=18835, nmethods=18008, adapters=728, full_count=0
Compilation: enabled, stopped_count=0, restarted_count=0

Compilation events (20 events):
Event: 1386.512 Thread 0x000001ecf0365230 22779       3       org.eclipse.jdt.internal.compiler.flow.UnconditionalFlowInfo::nullInfoLessUnconditionalCopy (236 bytes)
Event: 1386.512 Thread 0x000001ecf03645e0 22782       4       org.eclipse.jdt.internal.compiler.ast.SingleTypeReference::traverse (67 bytes)
Event: 1386.512 Thread 0x000001ecf0365230 nmethod 22779 0x000001ec9acf7790 code [0x000001ec9acf7a20, 0x000001ec9acf8850]
Event: 1386.512 Thread 0x000001ecf0365230 22780       3       org.eclipse.jdt.internal.compiler.flow.UnconditionalFlowInfo::addPotentialInitializationsFrom (223 bytes)
Event: 1386.512 Thread 0x000001ecf03645e0 nmethod 22782 0x000001eca2133190 code [0x000001eca2133320, 0x000001eca2133430]
Event: 1386.513 Thread 0x000001ecf0365230 nmethod 22780 0x000001ec9b12dc90 code [0x000001ec9b12df20, 0x000001ec9b12eaa0]
Event: 1386.513 Thread 0x000001ecf0365230 22781       3       org.eclipse.jdt.internal.compiler.flow.LoopingFlowContext::hasEscapingExceptions (11 bytes)
Event: 1386.513 Thread 0x000001ecf0365230 nmethod 22781 0x000001ec9b729c10 code [0x000001ec9b729dc0, 0x000001ec9b729f30]
Event: 1386.515 Thread 0x000001ecf0365230 22783       3       org.eclipse.jdt.internal.compiler.codegen.StackMapFrameCodeStream::writePosition (14 bytes)
Event: 1386.515 Thread 0x000001ecf0365230 nmethod 22783 0x000001ec9b2fbe10 code [0x000001ec9b2fbfc0, 0x000001ec9b2fc1e0]
Event: 1386.515 Thread 0x000001ecf0365230 22784       3       org.eclipse.jdt.internal.compiler.codegen.CodeStream::writePosition (83 bytes)
Event: 1386.515 Thread 0x000001ecf0365230 nmethod 22784 0x000001ec9acf6890 code [0x000001ec9acf6ae0, 0x000001ec9acf7398]
Event: 1388.087 Thread 0x000001ecf0365230 22785       3       java.util.HashMap$KeySet::size (8 bytes)
Event: 1388.087 Thread 0x000001ecf0365230 nmethod 22785 0x000001ec9b4ae310 code [0x000001ec9b4ae4a0, 0x000001ec9b4ae5b8]
Event: 1388.087 Thread 0x000001ecf0365230 22786       3       org.eclipse.jdt.internal.compiler.ClassFile::getNewTypeBinding (137 bytes)
Event: 1388.088 Thread 0x000001ecf0365230 nmethod 22786 0x000001ec9acf5490 code [0x000001ec9acf5740, 0x000001ec9acf6480]
Event: 1388.088 Thread 0x000001ecf03645e0 22787       4       org.eclipse.lsp4j.jsonrpc.RemoteEndpoint$$Lambda/0x000001ecaf445820::accept (13 bytes)
Event: 1388.109 Thread 0x000001ecf03645e0 nmethod 22787 0x000001eca2132b90 code [0x000001eca2132d40, 0x000001eca2132f38]
Event: 1388.298 Thread 0x000001ecf03645e0 22788       4       org.eclipse.jdt.internal.corext.dom.GenericVisitor::visit (6 bytes)
Event: 1388.299 Thread 0x000001ecf03645e0 nmethod 22788 0x000001eca2132890 code [0x000001eca2132a20, 0x000001eca2132ad0]

GC Heap History (20 events):
Event: 1383.459 GC heap before
{Heap before GC invocations=3376 (full 5):
 PSYoungGen      total 7168K, used 6400K [0x00000000d5580000, 0x00000000d5e00000, 0x0000000100000000)
  eden space 6144K, 100% used [0x00000000d5580000,0x00000000d5b80000,0x00000000d5b80000)
  from space 1024K, 25% used [0x00000000d5c80000,0x00000000d5cc0000,0x00000000d5d80000)
  to   space 512K, 0% used [0x00000000d5d80000,0x00000000d5d80000,0x00000000d5e00000)
 ParOldGen       total 967168K, used 966668K [0x0000000080000000, 0x00000000bb080000, 0x00000000d5580000)
  object space 967168K, 99% used [0x0000000080000000,0x00000000bb0030f8,0x00000000bb080000)
 Metaspace       used 86883K, committed 88640K, reserved 1179648K
  class space    used 8674K, committed 9472K, reserved 1048576K
}
Event: 1383.462 GC heap after
{Heap after GC invocations=3376 (full 5):
 PSYoungGen      total 6656K, used 432K [0x00000000d5580000, 0x00000000d5e00000, 0x0000000100000000)
  eden space 6144K, 0% used [0x00000000d5580000,0x00000000d5580000,0x00000000d5b80000)
  from space 512K, 84% used [0x00000000d5d80000,0x00000000d5dec010,0x00000000d5e00000)
  to   space 512K, 0% used [0x00000000d5d00000,0x00000000d5d00000,0x00000000d5d80000)
 ParOldGen       total 967168K, used 966700K [0x0000000080000000, 0x00000000bb080000, 0x00000000d5580000)
  object space 967168K, 99% used [0x0000000080000000,0x00000000bb00b0f8,0x00000000bb080000)
 Metaspace       used 86883K, committed 88640K, reserved 1179648K
  class space    used 8674K, committed 9472K, reserved 1048576K
}
Event: 1383.646 GC heap before
{Heap before GC invocations=3377 (full 5):
 PSYoungGen      total 6656K, used 6576K [0x00000000d5580000, 0x00000000d5e00000, 0x0000000100000000)
  eden space 6144K, 100% used [0x00000000d5580000,0x00000000d5b80000,0x00000000d5b80000)
  from space 512K, 84% used [0x00000000d5d80000,0x00000000d5dec010,0x00000000d5e00000)
  to   space 512K, 0% used [0x00000000d5d00000,0x00000000d5d00000,0x00000000d5d80000)
 ParOldGen       total 967168K, used 966700K [0x0000000080000000, 0x00000000bb080000, 0x00000000d5580000)
  object space 967168K, 99% used [0x0000000080000000,0x00000000bb00b0f8,0x00000000bb080000)
 Metaspace       used 86883K, committed 88640K, reserved 1179648K
  class space    used 8674K, committed 9472K, reserved 1048576K
}
Event: 1383.649 GC heap after
{Heap after GC invocations=3377 (full 5):
 PSYoungGen      total 6656K, used 496K [0x00000000d5580000, 0x00000000d5e00000, 0x0000000100000000)
  eden space 6144K, 0% used [0x00000000d5580000,0x00000000d5580000,0x00000000d5b80000)
  from space 512K, 96% used [0x00000000d5d00000,0x00000000d5d7c010,0x00000000d5d80000)
  to   space 512K, 0% used [0x00000000d5d80000,0x00000000d5d80000,0x00000000d5e00000)
 ParOldGen       total 967168K, used 967106K [0x0000000080000000, 0x00000000bb080000, 0x00000000d5580000)
  object space 967168K, 99% used [0x0000000080000000,0x00000000bb070b48,0x00000000bb080000)
 Metaspace       used 86883K, committed 88640K, reserved 1179648K
  class space    used 8674K, committed 9472K, reserved 1048576K
}
Event: 1384.155 GC heap before
{Heap before GC invocations=3378 (full 5):
 PSYoungGen      total 6656K, used 6640K [0x00000000d5580000, 0x00000000d5e00000, 0x0000000100000000)
  eden space 6144K, 100% used [0x00000000d5580000,0x00000000d5b80000,0x00000000d5b80000)
  from space 512K, 96% used [0x00000000d5d00000,0x00000000d5d7c010,0x00000000d5d80000)
  to   space 512K, 0% used [0x00000000d5d80000,0x00000000d5d80000,0x00000000d5e00000)
 ParOldGen       total 967168K, used 967106K [0x0000000080000000, 0x00000000bb080000, 0x00000000d5580000)
  object space 967168K, 99% used [0x0000000080000000,0x00000000bb070b48,0x00000000bb080000)
 Metaspace       used 86883K, committed 88640K, reserved 1179648K
  class space    used 8674K, committed 9472K, reserved 1048576K
}
Event: 1384.157 GC heap after
{Heap after GC invocations=3378 (full 5):
 PSYoungGen      total 6656K, used 496K [0x00000000d5580000, 0x00000000d5e00000, 0x0000000100000000)
  eden space 6144K, 0% used [0x00000000d5580000,0x00000000d5580000,0x00000000d5b80000)
  from space 512K, 96% used [0x00000000d5d80000,0x00000000d5dfc010,0x00000000d5e00000)
  to   space 1024K, 0% used [0x00000000d5c00000,0x00000000d5c00000,0x00000000d5d00000)
 ParOldGen       total 967680K, used 967218K [0x0000000080000000, 0x00000000bb100000, 0x00000000d5580000)
  object space 967680K, 99% used [0x0000000080000000,0x00000000bb08cb48,0x00000000bb100000)
 Metaspace       used 86883K, committed 88640K, reserved 1179648K
  class space    used 8674K, committed 9472K, reserved 1048576K
}
Event: 1384.769 GC heap before
{Heap before GC invocations=3379 (full 5):
 PSYoungGen      total 6656K, used 6640K [0x00000000d5580000, 0x00000000d5e00000, 0x0000000100000000)
  eden space 6144K, 100% used [0x00000000d5580000,0x00000000d5b80000,0x00000000d5b80000)
  from space 512K, 96% used [0x00000000d5d80000,0x00000000d5dfc010,0x00000000d5e00000)
  to   space 1024K, 0% used [0x00000000d5c00000,0x00000000d5c00000,0x00000000d5d00000)
 ParOldGen       total 967680K, used 967218K [0x0000000080000000, 0x00000000bb100000, 0x00000000d5580000)
  object space 967680K, 99% used [0x0000000080000000,0x00000000bb08cb48,0x00000000bb100000)
 Metaspace       used 86883K, committed 88640K, reserved 1179648K
  class space    used 8674K, committed 9472K, reserved 1048576K
}
Event: 1384.792 GC heap after
{Heap after GC invocations=3379 (full 5):
 PSYoungGen      total 7168K, used 1001K [0x00000000d5580000, 0x00000000d6480000, 0x0000000100000000)
  eden space 6144K, 0% used [0x00000000d5580000,0x00000000d5580000,0x00000000d5b80000)
  from space 1024K, 97% used [0x00000000d5c00000,0x00000000d5cfa790,0x00000000d5d00000)
  to   space 4608K, 0% used [0x00000000d6000000,0x00000000d6000000,0x00000000d6480000)
 ParOldGen       total 970240K, used 969849K [0x0000000080000000, 0x00000000bb380000, 0x00000000d5580000)
  object space 970240K, 99% used [0x0000000080000000,0x00000000bb31e598,0x00000000bb380000)
 Metaspace       used 86883K, committed 88640K, reserved 1179648K
  class space    used 8674K, committed 9472K, reserved 1048576K
}
Event: 1384.819 GC heap before
{Heap before GC invocations=3380 (full 5):
 PSYoungGen      total 7168K, used 7145K [0x00000000d5580000, 0x00000000d6480000, 0x0000000100000000)
  eden space 6144K, 100% used [0x00000000d5580000,0x00000000d5b80000,0x00000000d5b80000)
  from space 1024K, 97% used [0x00000000d5c00000,0x00000000d5cfa790,0x00000000d5d00000)
  to   space 4608K, 0% used [0x00000000d6000000,0x00000000d6000000,0x00000000d6480000)
 ParOldGen       total 970240K, used 969849K [0x0000000080000000, 0x00000000bb380000, 0x00000000d5580000)
  object space 970240K, 99% used [0x0000000080000000,0x00000000bb31e598,0x00000000bb380000)
 Metaspace       used 86883K, committed 88640K, reserved 1179648K
  class space    used 8674K, committed 9472K, reserved 1048576K
}
Event: 1384.821 GC heap after
{Heap after GC invocations=3380 (full 5):
 PSYoungGen      total 7680K, used 1510K [0x00000000d5580000, 0x00000000d6180000, 0x0000000100000000)
  eden space 6144K, 0% used [0x00000000d5580000,0x00000000d5580000,0x00000000d5b80000)
  from space 1536K, 98% used [0x00000000d6000000,0x00000000d6179a20,0x00000000d6180000)
  to   space 2560K, 0% used [0x00000000d5c80000,0x00000000d5c80000,0x00000000d5f00000)
 ParOldGen       total 970240K, used 969929K [0x0000000080000000, 0x00000000bb380000, 0x00000000d5580000)
  object space 970240K, 99% used [0x0000000080000000,0x00000000bb3325a8,0x00000000bb380000)
 Metaspace       used 86883K, committed 88640K, reserved 1179648K
  class space    used 8674K, committed 9472K, reserved 1048576K
}
Event: 1384.839 GC heap before
{Heap before GC invocations=3381 (full 5):
 PSYoungGen      total 7680K, used 7654K [0x00000000d5580000, 0x00000000d6180000, 0x0000000100000000)
  eden space 6144K, 100% used [0x00000000d5580000,0x00000000d5b80000,0x00000000d5b80000)
  from space 1536K, 98% used [0x00000000d6000000,0x00000000d6179a20,0x00000000d6180000)
  to   space 2560K, 0% used [0x00000000d5c80000,0x00000000d5c80000,0x00000000d5f00000)
 ParOldGen       total 970240K, used 969929K [0x0000000080000000, 0x00000000bb380000, 0x00000000d5580000)
  object space 970240K, 99% used [0x0000000080000000,0x00000000bb3325a8,0x00000000bb380000)
 Metaspace       used 86884K, committed 88640K, reserved 1179648K
  class space    used 8674K, committed 9472K, reserved 1048576K
}
Event: 1384.873 GC heap after
{Heap after GC invocations=3381 (full 5):
 PSYoungGen      total 8704K, used 2528K [0x00000000d5580000, 0x00000000d6680000, 0x0000000100000000)
  eden space 6144K, 0% used [0x00000000d5580000,0x00000000d5580000,0x00000000d5b80000)
  from space 2560K, 98% used [0x00000000d5c80000,0x00000000d5ef8010,0x00000000d5f00000)
  to   space 5632K, 0% used [0x00000000d6100000,0x00000000d6100000,0x00000000d6680000)
 ParOldGen       total 972288K, used 972151K [0x0000000080000000, 0x00000000bb580000, 0x00000000d5580000)
  object space 972288K, 99% used [0x0000000080000000,0x00000000bb55dfc8,0x00000000bb580000)
 Metaspace       used 86884K, committed 88640K, reserved 1179648K
  class space    used 8674K, committed 9472K, reserved 1048576K
}
Event: 1385.357 GC heap before
{Heap before GC invocations=3382 (full 5):
 PSYoungGen      total 8704K, used 8672K [0x00000000d5580000, 0x00000000d6680000, 0x0000000100000000)
  eden space 6144K, 100% used [0x00000000d5580000,0x00000000d5b80000,0x00000000d5b80000)
  from space 2560K, 98% used [0x00000000d5c80000,0x00000000d5ef8010,0x00000000d5f00000)
  to   space 5632K, 0% used [0x00000000d6100000,0x00000000d6100000,0x00000000d6680000)
 ParOldGen       total 972288K, used 972151K [0x0000000080000000, 0x00000000bb580000, 0x00000000d5580000)
  object space 972288K, 99% used [0x0000000080000000,0x00000000bb55dfc8,0x00000000bb580000)
 Metaspace       used 86888K, committed 88640K, reserved 1179648K
  class space    used 8674K, committed 9472K, reserved 1048576K
}
Event: 1385.385 GC heap after
{Heap after GC invocations=3382 (full 5):
 PSYoungGen      total 7168K, used 672K [0x00000000d5580000, 0x00000000d6200000, 0x0000000100000000)
  eden space 6144K, 0% used [0x00000000d5580000,0x00000000d5580000,0x00000000d5b80000)
  from space 1024K, 65% used [0x00000000d6100000,0x00000000d61a8000,0x00000000d6200000)
  to   space 2560K, 0% used [0x00000000d5d00000,0x00000000d5d00000,0x00000000d5f80000)
 ParOldGen       total 974848K, used 974373K [0x0000000080000000, 0x00000000bb800000, 0x00000000d5580000)
  object space 974848K, 99% used [0x0000000080000000,0x00000000bb789458,0x00000000bb800000)
 Metaspace       used 86888K, committed 88640K, reserved 1179648K
  class space    used 8674K, committed 9472K, reserved 1048576K
}
Event: 1386.388 GC heap before
{Heap before GC invocations=3383 (full 5):
 PSYoungGen      total 7168K, used 6816K [0x00000000d5580000, 0x00000000d6200000, 0x0000000100000000)
  eden space 6144K, 100% used [0x00000000d5580000,0x00000000d5b80000,0x00000000d5b80000)
  from space 1024K, 65% used [0x00000000d6100000,0x00000000d61a8000,0x00000000d6200000)
  to   space 2560K, 0% used [0x00000000d5d00000,0x00000000d5d00000,0x00000000d5f80000)
 ParOldGen       total 974848K, used 974373K [0x0000000080000000, 0x00000000bb800000, 0x00000000d5580000)
  object space 974848K, 99% used [0x0000000080000000,0x00000000bb789458,0x00000000bb800000)
 Metaspace       used 86893K, committed 88640K, reserved 1179648K
  class space    used 8674K, committed 9472K, reserved 1048576K
}
Event: 1386.391 GC heap after
{Heap after GC invocations=3383 (full 5):
 PSYoungGen      total 8704K, used 480K [0x00000000d5580000, 0x00000000d6180000, 0x0000000100000000)
  eden space 6144K, 0% used [0x00000000d5580000,0x00000000d5580000,0x00000000d5b80000)
  from space 2560K, 18% used [0x00000000d5d00000,0x00000000d5d78020,0x00000000d5f80000)
  to   space 1024K, 0% used [0x00000000d6080000,0x00000000d6080000,0x00000000d6180000)
 ParOldGen       total 974848K, used 974541K [0x0000000080000000, 0x00000000bb800000, 0x00000000d5580000)
  object space 974848K, 99% used [0x0000000080000000,0x00000000bb7b3458,0x00000000bb800000)
 Metaspace       used 86893K, committed 88640K, reserved 1179648K
  class space    used 8674K, committed 9472K, reserved 1048576K
}
Event: 1388.082 GC heap before
{Heap before GC invocations=3384 (full 5):
 PSYoungGen      total 8704K, used 6624K [0x00000000d5580000, 0x00000000d6180000, 0x0000000100000000)
  eden space 6144K, 100% used [0x00000000d5580000,0x00000000d5b80000,0x00000000d5b80000)
  from space 2560K, 18% used [0x00000000d5d00000,0x00000000d5d78020,0x00000000d5f80000)
  to   space 1024K, 0% used [0x00000000d6080000,0x00000000d6080000,0x00000000d6180000)
 ParOldGen       total 974848K, used 974541K [0x0000000080000000, 0x00000000bb800000, 0x00000000d5580000)
  object space 974848K, 99% used [0x0000000080000000,0x00000000bb7b3458,0x00000000bb800000)
 Metaspace       used 86895K, committed 88640K, reserved 1179648K
  class space    used 8674K, committed 9472K, reserved 1048576K
}
Event: 1388.084 GC heap after
{Heap after GC invocations=3384 (full 5):
 PSYoungGen      total 6656K, used 192K [0x00000000d5580000, 0x00000000d6100000, 0x0000000100000000)
  eden space 6144K, 0% used [0x00000000d5580000,0x00000000d5580000,0x00000000d5b80000)
  from space 512K, 37% used [0x00000000d6080000,0x00000000d60b0000,0x00000000d6100000)
  to   space 512K, 0% used [0x00000000d6000000,0x00000000d6000000,0x00000000d6080000)
 ParOldGen       total 974848K, used 974653K [0x0000000080000000, 0x00000000bb800000, 0x00000000d5580000)
  object space 974848K, 99% used [0x0000000080000000,0x00000000bb7cf478,0x00000000bb800000)
 Metaspace       used 86895K, committed 88640K, reserved 1179648K
  class space    used 8674K, committed 9472K, reserved 1048576K
}
Event: 1388.484 GC heap before
{Heap before GC invocations=3385 (full 5):
 PSYoungGen      total 6656K, used 6336K [0x00000000d5580000, 0x00000000d6100000, 0x0000000100000000)
  eden space 6144K, 100% used [0x00000000d5580000,0x00000000d5b80000,0x00000000d5b80000)
  from space 512K, 37% used [0x00000000d6080000,0x00000000d60b0000,0x00000000d6100000)
  to   space 512K, 0% used [0x00000000d6000000,0x00000000d6000000,0x00000000d6080000)
 ParOldGen       total 974848K, used 974653K [0x0000000080000000, 0x00000000bb800000, 0x00000000d5580000)
  object space 974848K, 99% used [0x0000000080000000,0x00000000bb7cf478,0x00000000bb800000)
 Metaspace       used 86896K, committed 88640K, reserved 1179648K
  class space    used 8674K, committed 9472K, reserved 1048576K
}
Event: 1388.488 GC heap after
{Heap after GC invocations=3385 (full 5):
 PSYoungGen      total 6656K, used 496K [0x00000000d5580000, 0x00000000d6100000, 0x0000000100000000)
  eden space 6144K, 0% used [0x00000000d5580000,0x00000000d5580000,0x00000000d5b80000)
  from space 512K, 96% used [0x00000000d6000000,0x00000000d607c010,0x00000000d6080000)
  to   space 512K, 0% used [0x00000000d6080000,0x00000000d6080000,0x00000000d6100000)
 ParOldGen       total 974848K, used 974725K [0x0000000080000000, 0x00000000bb800000, 0x00000000d5580000)
  object space 974848K, 99% used [0x0000000080000000,0x00000000bb7e1478,0x00000000bb800000)
 Metaspace       used 86896K, committed 88640K, reserved 1179648K
  class space    used 8674K, committed 9472K, reserved 1048576K
}

Dll operation events (12 events):
Event: 0.015 Loaded shared library c:\Users\HP\.vscode\extensions\redhat.java-1.54.0-win32-x64\jre\21.0.10-win32-x86_64\bin\java.dll
Event: 0.126 Loaded shared library c:\Users\HP\.vscode\extensions\redhat.java-1.54.0-win32-x64\jre\21.0.10-win32-x86_64\bin\zip.dll
Event: 0.156 Loaded shared library C:\Users\HP\.vscode\extensions\redhat.java-1.54.0-win32-x64\jre\21.0.10-win32-x86_64\bin\instrument.dll
Event: 0.226 Loaded shared library C:\Users\HP\.vscode\extensions\redhat.java-1.54.0-win32-x64\jre\21.0.10-win32-x86_64\bin\net.dll
Event: 0.275 Loaded shared library C:\Users\HP\.vscode\extensions\redhat.java-1.54.0-win32-x64\jre\21.0.10-win32-x86_64\bin\nio.dll
Event: 0.279 Loaded shared library C:\Users\HP\.vscode\extensions\redhat.java-1.54.0-win32-x64\jre\21.0.10-win32-x86_64\bin\zip.dll
Event: 0.298 Loaded shared library C:\Users\HP\.vscode\extensions\redhat.java-1.54.0-win32-x64\jre\21.0.10-win32-x86_64\bin\jimage.dll
Event: 0.468 Loaded shared library c:\Users\HP\.vscode\extensions\redhat.java-1.54.0-win32-x64\jre\21.0.10-win32-x86_64\bin\verify.dll
Event: 14.267 Loaded shared library C:\Users\HP\AppData\Roaming\Code\User\globalStorage\redhat.java\1.54.0\config_win\org.eclipse.equinox.launcher\org.eclipse.equinox.launcher.win32.win32.x86_64_1.3.0.v20260203-2149\eclipse_11919.dll
Event: 28.087 Loaded shared library C:\Users\HP\AppData\Local\Temp\jna-2312\jna7138830897555577517.dll
Event: 29.383 Loaded shared library C:\Users\HP\.vscode\extensions\redhat.java-1.54.0-win32-x64\jre\21.0.10-win32-x86_64\bin\sunmscapi.dll
Event: 30.168 Loaded shared library C:\Users\HP\.vscode\extensions\redhat.java-1.54.0-win32-x64\jre\21.0.10-win32-x86_64\bin\extnet.dll

Deoptimization events (20 events):
Event: 1369.226 Thread 0x000001ecf7abfda0 Uncommon trap: trap_request=0xffffff45 fr.pc=0x000001eca28fd574 relative=0x0000000000000054
Event: 1369.226 Thread 0x000001ecf7abfda0 Uncommon trap: reason=unstable_if action=reinterpret pc=0x000001eca28fd574 method=org.eclipse.osgi.internal.log.EquinoxLogWriter.convertSeverity(I)I @ 1 c2
Event: 1369.226 Thread 0x000001ecf7abfda0 DEOPT PACKING pc=0x000001eca28fd574 sp=0x000000dfe5dfe460
Event: 1369.226 Thread 0x000001ecf7abfda0 DEOPT UNPACKING pc=0x000001eca10e3aa2 sp=0x000000dfe5dfe3e8 mode 2
Event: 1369.231 Thread 0x000001ecf7abfda0 Uncommon trap: trap_request=0xffffff45 fr.pc=0x000001eca1d99f88 relative=0x00000000000012a8
Event: 1369.232 Thread 0x000001ecf7abfda0 Uncommon trap: reason=unstable_if action=reinterpret pc=0x000001eca1d99f88 method=com.google.gson.stream.JsonWriter.string(Ljava/lang/String;)V @ 57 c2
Event: 1369.232 Thread 0x000001ecf7abfda0 DEOPT PACKING pc=0x000001eca1d99f88 sp=0x000000dfe5dfda00
Event: 1369.232 Thread 0x000001ecf7abfda0 DEOPT UNPACKING pc=0x000001eca10e3aa2 sp=0x000000dfe5dfd9e8 mode 2
Event: 1370.365 Thread 0x000001ecf8cc2690 Uncommon trap: trap_request=0xffffff45 fr.pc=0x000001eca22b39c4 relative=0x0000000000000d24
Event: 1370.365 Thread 0x000001ecf8cc2690 Uncommon trap: reason=unstable_if action=reinterpret pc=0x000001eca22b39c4 method=org.eclipse.jdt.internal.compiler.parser.diagnose.DiagnoseParser.parseCheck([IIII)I @ 438 c2
Event: 1370.365 Thread 0x000001ecf8cc2690 DEOPT PACKING pc=0x000001eca22b39c4 sp=0x000000dfe21fe530
Event: 1370.365 Thread 0x000001ecf8cc2690 DEOPT UNPACKING pc=0x000001eca10e3aa2 sp=0x000000dfe21fe4c0 mode 2
Event: 1382.088 Thread 0x000001ecf81efb20 Uncommon trap: trap_request=0xffffffe4 fr.pc=0x000001eca213f4d4 relative=0x0000000000000174
Event: 1382.088 Thread 0x000001ecf81efb20 Uncommon trap: reason=range_check action=make_not_entrant pc=0x000001eca213f4d4 method=org.eclipse.jdt.core.dom.ASTConverter.isPrimitiveType([C)Z @ 2 c2
Event: 1382.088 Thread 0x000001ecf81efb20 DEOPT PACKING pc=0x000001eca213f4d4 sp=0x000000dfe48fd9a0
Event: 1382.088 Thread 0x000001ecf81efb20 DEOPT UNPACKING pc=0x000001eca10e3aa2 sp=0x000000dfe48fd928 mode 2
Event: 1383.629 Thread 0x000001ecf8cc2690 Uncommon trap: trap_request=0xffffffcc fr.pc=0x000001eca213dc68 relative=0x00000000000001e8
Event: 1383.629 Thread 0x000001ecf8cc2690 Uncommon trap: reason=intrinsic_or_type_checked_inlining action=make_not_entrant pc=0x000001eca213dc68 method=java.util.stream.SpinedBuffer.copyInto([Ljava/lang/Object;I)V @ 51 c2
Event: 1383.629 Thread 0x000001ecf8cc2690 DEOPT PACKING pc=0x000001eca213dc68 sp=0x000000dfe21fdf00
Event: 1383.629 Thread 0x000001ecf8cc2690 DEOPT UNPACKING pc=0x000001eca10e3aa2 sp=0x000000dfe21fdda0 mode 2

Classes loaded (20 events):
Event: 305.970 Loading class java/util/stream/Nodes$CollectorTask done
Event: 305.970 Loading class java/util/stream/Nodes$CollectorTask$OfRef done
Event: 305.973 Loading class java/util/function/LongFunction
Event: 305.973 Loading class java/util/function/LongFunction done
Event: 305.973 Loading class java/util/stream/Nodes$ConcNode
Event: 305.973 Loading class java/util/stream/Nodes$AbstractConcNode
Event: 305.973 Loading class java/util/stream/Nodes$AbstractConcNode done
Event: 305.973 Loading class java/util/stream/Nodes$ConcNode done
Event: 305.984 Loading class java/util/stream/Nodes$ToArrayTask$OfRef
Event: 305.984 Loading class java/util/stream/Nodes$ToArrayTask
Event: 305.984 Loading class java/util/stream/Nodes$ToArrayTask done
Event: 305.985 Loading class java/util/stream/Nodes$ToArrayTask$OfRef done
Event: 305.987 Loading class java/io/ObjectOutputStream$BlockDataOutputStream
Event: 305.987 Loading class java/io/ObjectOutputStream$BlockDataOutputStream done
Event: 305.987 Loading class java/io/ObjectOutputStream$HandleTable
Event: 305.988 Loading class java/io/ObjectOutputStream$HandleTable done
Event: 305.988 Loading class java/io/ObjectOutputStream$ReplaceTable
Event: 305.988 Loading class java/io/ObjectOutputStream$ReplaceTable done
Event: 1018.951 Loading class java/util/concurrent/ConcurrentHashMap$KeySpliterator
Event: 1018.953 Loading class java/util/concurrent/ConcurrentHashMap$KeySpliterator done

Classes unloaded (8 events):
Event: 28.628 Thread 0x000001ecad3f3320 Unloading class 0x000001ecaf1a5000 'java/lang/invoke/LambdaForm$MH+0x000001ecaf1a5000'
Event: 28.628 Thread 0x000001ecad3f3320 Unloading class 0x000001ecaf1a4c00 'java/lang/invoke/LambdaForm$MH+0x000001ecaf1a4c00'
Event: 28.628 Thread 0x000001ecad3f3320 Unloading class 0x000001ecaf1a4800 'java/lang/invoke/LambdaForm$MH+0x000001ecaf1a4800'
Event: 28.628 Thread 0x000001ecad3f3320 Unloading class 0x000001ecaf1a4400 'java/lang/invoke/LambdaForm$MH+0x000001ecaf1a4400'
Event: 28.628 Thread 0x000001ecad3f3320 Unloading class 0x000001ecaf1a4000 'java/lang/invoke/LambdaForm$BMH+0x000001ecaf1a4000'
Event: 28.628 Thread 0x000001ecad3f3320 Unloading class 0x000001ecaf1a3c00 'java/lang/invoke/LambdaForm$DMH+0x000001ecaf1a3c00'
Event: 28.628 Thread 0x000001ecad3f3320 Unloading class 0x000001ecaf1a2800 'java/lang/invoke/LambdaForm$DMH+0x000001ecaf1a2800'
Event: 122.789 Thread 0x000001ecad3f3320 Unloading class 0x000001ecaf712c00 'java/lang/invoke/LambdaForm$DMH+0x000001ecaf712c00'

Classes redefined (0 events):
No events

Internal exceptions (20 events):
Event: 1332.743 Thread 0x000001ecf5509e60 Exception <a 'sun/nio/fs/WindowsException'{0x00000000d5644e58}> (0x00000000d5644e58) 
thrown [s\src\hotspot\share\prims\jni.cpp, line 520]
Event: 1339.115 Thread 0x000001ecf5509e60 Exception <a 'sun/nio/fs/WindowsException'{0x00000000d57fa218}> (0x00000000d57fa218) 
thrown [s\src\hotspot\share\prims\jni.cpp, line 520]
Event: 1339.193 Thread 0x000001ecf5509e60 Exception <a 'sun/nio/fs/WindowsException'{0x00000000d56355f8}> (0x00000000d56355f8) 
thrown [s\src\hotspot\share\prims\jni.cpp, line 520]
Event: 1360.432 Thread 0x000001ecf5509e60 Exception <a 'sun/nio/fs/WindowsException'{0x00000000d56073b0}> (0x00000000d56073b0) 
thrown [s\src\hotspot\share\prims\jni.cpp, line 520]
Event: 1360.498 Thread 0x000001ecf5509e60 Exception <a 'sun/nio/fs/WindowsException'{0x00000000d571b048}> (0x00000000d571b048) 
thrown [s\src\hotspot\share\prims\jni.cpp, line 520]
Event: 1363.167 Thread 0x000001ecf5509e60 Exception <a 'sun/nio/fs/WindowsException'{0x00000000d57fc3b0}> (0x00000000d57fc3b0) 
thrown [s\src\hotspot\share\prims\jni.cpp, line 520]
Event: 1363.465 Thread 0x000001ecf5509e60 Exception <a 'sun/nio/fs/WindowsException'{0x00000000d5691ac8}> (0x00000000d5691ac8) 
thrown [s\src\hotspot\share\prims\jni.cpp, line 520]
Event: 1366.400 Thread 0x000001ecf5509e60 Exception <a 'sun/nio/fs/WindowsException'{0x00000000d5780ad0}> (0x00000000d5780ad0) 
thrown [s\src\hotspot\share\prims\jni.cpp, line 520]
Event: 1366.471 Thread 0x000001ecf5509e60 Exception <a 'sun/nio/fs/WindowsException'{0x00000000d55817a8}> (0x00000000d55817a8) 
thrown [s\src\hotspot\share\prims\jni.cpp, line 520]
Event: 1368.858 Thread 0x000001ecf5509e60 Exception <a 'sun/nio/fs/WindowsException'{0x00000000d5911d08}> (0x00000000d5911d08) 
thrown [s\src\hotspot\share\prims\jni.cpp, line 520]
Event: 1368.914 Thread 0x000001ecf5509e60 Exception <a 'sun/nio/fs/WindowsException'{0x00000000d5912e40}> (0x00000000d5912e40) 
thrown [s\src\hotspot\share\prims\jni.cpp, line 520]
Event: 1369.225 Thread 0x000001ecf7abfda0 Exception <a 'java/lang/ClassCastException'{0x00000000d58e6c68}> (0x00000000d58e6c68) 
thrown [s\src\hotspot\share\runtime\sharedRuntime.cpp, line 625]
Event: 1371.431 Thread 0x000001ecf5509e60 Exception <a 'sun/nio/fs/WindowsException'{0x00000000d5851318}> (0x00000000d5851318) 
thrown [s\src\hotspot\share\prims\jni.cpp, line 520]
Event: 1371.506 Thread 0x000001ecf5509e60 Exception <a 'sun/nio/fs/WindowsException'{0x00000000d5619738}> (0x00000000d5619738) 
thrown [s\src\hotspot\share\prims\jni.cpp, line 520]
Event: 1373.208 Thread 0x000001ecf5509e60 Exception <a 'sun/nio/fs/WindowsException'{0x00000000d579cc80}> (0x00000000d579cc80) 
thrown [s\src\hotspot\share\prims\jni.cpp, line 520]
Event: 1373.431 Thread 0x000001ecf5509e60 Exception <a 'sun/nio/fs/WindowsException'{0x00000000d5597110}> (0x00000000d5597110) 
thrown [s\src\hotspot\share\prims\jni.cpp, line 520]
Event: 1378.290 Thread 0x000001ecf5509e60 Exception <a 'sun/nio/fs/WindowsException'{0x00000000d57763e0}> (0x00000000d57763e0) 
thrown [s\src\hotspot\share\prims\jni.cpp, line 520]
Event: 1378.495 Thread 0x000001ecf5509e60 Exception <a 'sun/nio/fs/WindowsException'{0x00000000d5655978}> (0x00000000d5655978) 
thrown [s\src\hotspot\share\prims\jni.cpp, line 520]
Event: 1384.763 Thread 0x000001ecf5509e60 Exception <a 'sun/nio/fs/WindowsException'{0x00000000d585b230}> (0x00000000d585b230) 
thrown [s\src\hotspot\share\prims\jni.cpp, line 520]
Event: 1384.877 Thread 0x000001ecf5509e60 Exception <a 'sun/nio/fs/WindowsException'{0x00000000d5589fe8}> (0x00000000d5589fe8) 
thrown [s\src\hotspot\share\prims\jni.cpp, line 520]

ZGC Phase Switch (0 events):
No events

VM Operations (20 events):
Event: 1383.646 Executing safepoint VM operation: ParallelGCFailedAllocation (Allocation Failure)
Event: 1383.649 Executing safepoint VM operation: ParallelGCFailedAllocation (Allocation Failure) done
Event: 1384.155 Executing safepoint VM operation: ParallelGCFailedAllocation (Allocation Failure)
Event: 1384.157 Executing safepoint VM operation: ParallelGCFailedAllocation (Allocation Failure) done
Event: 1384.769 Executing safepoint VM operation: ParallelGCFailedAllocation (Allocation Failure)
Event: 1384.792 Executing safepoint VM operation: ParallelGCFailedAllocation (Allocation Failure) done
Event: 1384.819 Executing safepoint VM operation: ParallelGCFailedAllocation (Allocation Failure)
Event: 1384.821 Executing safepoint VM operation: ParallelGCFailedAllocation (Allocation Failure) done
Event: 1384.839 Executing safepoint VM operation: ParallelGCFailedAllocation (Allocation Failure)
Event: 1384.873 Executing safepoint VM operation: ParallelGCFailedAllocation (Allocation Failure) done
Event: 1385.356 Executing safepoint VM operation: ParallelGCFailedAllocation (Allocation Failure)
Event: 1385.385 Executing safepoint VM operation: ParallelGCFailedAllocation (Allocation Failure) done
Event: 1386.388 Executing safepoint VM operation: ParallelGCFailedAllocation (Allocation Failure)
Event: 1386.391 Executing safepoint VM operation: ParallelGCFailedAllocation (Allocation Failure) done
Event: 1387.405 Executing safepoint VM operation: Cleanup
Event: 1387.405 Executing safepoint VM operation: Cleanup done
Event: 1388.082 Executing safepoint VM operation: ParallelGCFailedAllocation (Allocation Failure)
Event: 1388.084 Executing safepoint VM operation: ParallelGCFailedAllocation (Allocation Failure) done
Event: 1388.484 Executing safepoint VM operation: ParallelGCFailedAllocation (Allocation Failure)
Event: 1388.488 Executing safepoint VM operation: ParallelGCFailedAllocation (Allocation Failure) done

Memory protections (0 events):
No events

Nmethod flushes (20 events):
Event: 595.039 Thread 0x000001ecad3f3320 flushing  nmethod 0x000001ec9baace10
Event: 595.039 Thread 0x000001ecad3f3320 flushing  nmethod 0x000001ec9bab9a90
Event: 595.039 Thread 0x000001ecad3f3320 flushing osr nmethod 0x000001ec9bacfe10
Event: 595.039 Thread 0x000001ecad3f3320 flushing  nmethod 0x000001ec9bad3010
Event: 595.039 Thread 0x000001ecad3f3320 flushing  nmethod 0x000001ec9bad6290
Event: 595.039 Thread 0x000001ecad3f3320 flushing  nmethod 0x000001ec9badaf10
Event: 595.039 Thread 0x000001ecad3f3320 flushing  nmethod 0x000001ec9bafe390
Event: 595.039 Thread 0x000001ecad3f3320 flushing  nmethod 0x000001ec9bb5f010
Event: 595.039 Thread 0x000001ecad3f3320 flushing  nmethod 0x000001ec9bb78e10
Event: 595.039 Thread 0x000001ecad3f3320 flushing  nmethod 0x000001ec9bb7ef10
Event: 595.039 Thread 0x000001ecad3f3320 flushing  nmethod 0x000001ec9bb82d10
Event: 595.039 Thread 0x000001ecad3f3320 flushing  nmethod 0x000001ec9bb90f10
Event: 595.039 Thread 0x000001ecad3f3320 flushing  nmethod 0x000001ec9bb9d010
Event: 595.039 Thread 0x000001ecad3f3320 flushing  nmethod 0x000001ec9bc78d10
Event: 595.039 Thread 0x000001ecad3f3320 flushing osr nmethod 0x000001ec9bcc9710
Event: 595.039 Thread 0x000001ecad3f3320 flushing  nmethod 0x000001ec9bd1ca10
Event: 595.039 Thread 0x000001ecad3f3320 flushing  nmethod 0x000001ec9bd5af90
Event: 595.039 Thread 0x000001ecad3f3320 flushing  nmethod 0x000001ec9bdab190
Event: 595.039 Thread 0x000001ecad3f3320 flushing  nmethod 0x000001ec9bdccd10
Event: 595.039 Thread 0x000001ecad3f3320 flushing  nmethod 0x000001ec9bde8a10

Events (20 events):
Event: 1256.069 Thread 0x000001ecf8cc2690 Thread added: 0x000001ecf81f1bf0
Event: 1256.564 Thread 0x000001ecf55097d0 Thread added: 0x000001ecf81f01b0
Event: 1311.054 Thread 0x000001ecf81f01b0 Thread added: 0x000001ecf81f0840
Event: 1311.055 Thread 0x000001ecf81f0840 Thread exited: 0x000001ecf81f0840
Event: 1311.056 Thread 0x000001ecf81f01b0 Thread added: 0x000001ecf81f0840
Event: 1311.056 Thread 0x000001ecf81f0840 Thread added: 0x000001ecf81ef490
Event: 1311.056 Thread 0x000001ecf81f0840 Thread added: 0x000001ecf81f0ed0
Event: 1311.057 Thread 0x000001ecf81f0840 Thread exited: 0x000001ecf81f0840
Event: 1311.057 Thread 0x000001ecf81ef490 Thread exited: 0x000001ecf81ef490
Event: 1311.057 Thread 0x000001ecf81f0ed0 Thread exited: 0x000001ecf81f0ed0
Event: 1318.976 Thread 0x000001ecf8cc61a0 Thread exited: 0x000001ecf8cc61a0
Event: 1318.976 Thread 0x000001ecf8cc6830 Thread exited: 0x000001ecf8cc6830
Event: 1318.976 Thread 0x000001ecf8cc8270 Thread exited: 0x000001ecf8cc8270
Event: 1318.976 Thread 0x000001ecf8cc5480 Thread exited: 0x000001ecf8cc5480
Event: 1380.311 Thread 0x000001ecf03645e0 Thread added: 0x000001ecf0b36d10
Event: 1381.808 Thread 0x000001ecf0b36d10 Thread exited: 0x000001ecf0b36d10
Event: 1384.472 Thread 0x000001ecf81ee770 Thread exited: 0x000001ecf81ee770
Event: 1384.472 Thread 0x000001ecf81eee00 Thread exited: 0x000001ecf81eee00
Event: 1384.473 Thread 0x000001ecf81ee0e0 Thread exited: 0x000001ecf81ee0e0
Event: 1384.879 Thread 0x000001ecf81f01b0 Thread added: 0x000001ecf81ef490


Dynamic libraries:
0x00007ff6e9ef0000 - 0x00007ff6e9efe000 	c:\Users\HP\.vscode\extensions\redhat.java-1.54.0-win32-x64\jre\21.0.10-win32-x86_64\bin\java.exe
0x00007fff47220000 - 0x00007fff47487000 	C:\WINDOWS\SYSTEM32\ntdll.dll
0x00007fff466b0000 - 0x00007fff46779000 	C:\WINDOWS\System32\KERNEL32.DLL
0x00007fff449b0000 - 0x00007fff44da7000 	C:\WINDOWS\System32\KERNELBASE.dll
0x00007fff44830000 - 0x00007fff4497b000 	C:\WINDOWS\System32\ucrtbase.dll
0x00007fff2dfb0000 - 0x00007fff2dfce000 	c:\Users\HP\.vscode\extensions\redhat.java-1.54.0-win32-x64\jre\21.0.10-win32-x86_64\bin\VCRUNTIME140.dll
0x00007fff2df90000 - 0x00007fff2dfa8000 	c:\Users\HP\.vscode\extensions\redhat.java-1.54.0-win32-x64\jre\21.0.10-win32-x86_64\bin\jli.dll
0x00007fff45030000 - 0x00007fff451f6000 	C:\WINDOWS\System32\USER32.dll
0x00007fff44980000 - 0x00007fff449a7000 	C:\WINDOWS\System32\win32u.dll
0x00007fff462c0000 - 0x00007fff462eb000 	C:\WINDOWS\System32\GDI32.dll
0x00007fff23ca0000 - 0x00007fff23f32000 	C:\WINDOWS\WinSxS\amd64_microsoft.windows.common-controls_6595b64144ccf1df_6.0.26100.8457_none_3e0b2faee331e92d\COMCTL32.dll
0x00007fff43e90000 - 0x00007fff43fbc000 	C:\WINDOWS\System32\gdi32full.dll
0x00007fff44ef0000 - 0x00007fff44f93000 	C:\WINDOWS\System32\msvcp_win.dll
0x00007fff463f0000 - 0x00007fff46499000 	C:\WINDOWS\System32\msvcrt.dll
0x00007fff471a0000 - 0x00007fff471d2000 	C:\WINDOWS\System32\IMM32.DLL
0x00007fff2df80000 - 0x00007fff2df8c000 	c:\Users\HP\.vscode\extensions\redhat.java-1.54.0-win32-x64\jre\21.0.10-win32-x86_64\bin\vcruntime140_1.dll
0x00007ffeb9c70000 - 0x00007ffeb9cfd000 	c:\Users\HP\.vscode\extensions\redhat.java-1.54.0-win32-x64\jre\21.0.10-win32-x86_64\bin\msvcp140.dll
0x00007ffe9d5c0000 - 0x00007ffe9e361000 	c:\Users\HP\.vscode\extensions\redhat.java-1.54.0-win32-x64\jre\21.0.10-win32-x86_64\bin\server\jvm.dll
0x00007fff45270000 - 0x00007fff45326000 	C:\WINDOWS\System32\ADVAPI32.dll
0x00007fff45330000 - 0x00007fff453d7000 	C:\WINDOWS\System32\sechost.dll
0x00007fff46ee0000 - 0x00007fff46ff8000 	C:\WINDOWS\System32\RPCRT4.dll
0x00007fff44fa0000 - 0x00007fff45020000 	C:\WINDOWS\System32\WS2_32.dll
0x00007fff43ab0000 - 0x00007fff43b0e000 	C:\WINDOWS\SYSTEM32\POWRPROF.dll
0x00007fff33af0000 - 0x00007fff33afb000 	C:\WINDOWS\SYSTEM32\VERSION.dll
0x00007fff3bda0000 - 0x00007fff3bdd6000 	C:\WINDOWS\SYSTEM32\WINMM.dll
0x00007fff43a90000 - 0x00007fff43aa4000 	C:\WINDOWS\SYSTEM32\UMPDC.dll
0x00007fff429e0000 - 0x00007fff429fb000 	C:\WINDOWS\SYSTEM32\kernel.appcore.dll
0x00007fff2ded0000 - 0x00007fff2deda000 	c:\Users\HP\.vscode\extensions\redhat.java-1.54.0-win32-x64\jre\21.0.10-win32-x86_64\bin\jimage.dll
0x00007fff41b80000 - 0x00007fff41dc2000 	C:\WINDOWS\SYSTEM32\DBGHELP.DLL
0x00007fff469f0000 - 0x00007fff46d73000 	C:\WINDOWS\System32\combase.dll
0x00007fff461e0000 - 0x00007fff462b9000 	C:\WINDOWS\System32\OLEAUT32.dll
0x00007fff1b480000 - 0x00007fff1b4bb000 	C:\WINDOWS\SYSTEM32\dbgcore.DLL
0x00007fff44db0000 - 0x00007fff44e58000 	C:\WINDOWS\System32\bcryptPrimitives.dll
0x00007fff2cc10000 - 0x00007fff2cc1f000 	c:\Users\HP\.vscode\extensions\redhat.java-1.54.0-win32-x64\jre\21.0.10-win32-x86_64\bin\instrument.dll
0x00007ffefbad0000 - 0x00007ffefbaf0000 	c:\Users\HP\.vscode\extensions\redhat.java-1.54.0-win32-x64\jre\21.0.10-win32-x86_64\bin\java.dll
0x00007fff45a50000 - 0x00007fff461be000 	C:\WINDOWS\System32\SHELL32.dll
0x00007fff43fc0000 - 0x00007fff4482c000 	C:\WINDOWS\System32\windows.storage.dll
0x00007fff46800000 - 0x00007fff468f6000 	C:\WINDOWS\System32\SHCORE.dll
0x00007fff45200000 - 0x00007fff45266000 	C:\WINDOWS\System32\shlwapi.dll
0x00007fff43b70000 - 0x00007fff43b99000 	C:\WINDOWS\SYSTEM32\profapi.dll
0x00007ffee5e40000 - 0x00007ffee5e58000 	c:\Users\HP\.vscode\extensions\redhat.java-1.54.0-win32-x64\jre\21.0.10-win32-x86_64\bin\zip.dll
0x00007fff1e270000 - 0x00007fff1e280000 	C:\Users\HP\.vscode\extensions\redhat.java-1.54.0-win32-x64\jre\21.0.10-win32-x86_64\bin\net.dll
0x00007fff386f0000 - 0x00007fff38819000 	C:\WINDOWS\SYSTEM32\WINHTTP.dll
0x00007fff42f50000 - 0x00007fff42fbc000 	C:\WINDOWS\system32\mswsock.dll
0x00007ffed4b60000 - 0x00007ffed4b76000 	C:\Users\HP\.vscode\extensions\redhat.java-1.54.0-win32-x64\jre\21.0.10-win32-x86_64\bin\nio.dll
0x00007fff1a360000 - 0x00007fff1a370000 	c:\Users\HP\.vscode\extensions\redhat.java-1.54.0-win32-x64\jre\21.0.10-win32-x86_64\bin\verify.dll
0x00007ffea9430000 - 0x00007ffea9475000 	C:\Users\HP\AppData\Roaming\Code\User\globalStorage\redhat.java\1.54.0\config_win\org.eclipse.equinox.launcher\org.eclipse.equinox.launcher.win32.win32.x86_64_1.3.0.v20260203-2149\eclipse_11919.dll
0x00007fff47000000 - 0x00007fff47197000 	C:\WINDOWS\System32\ole32.dll
0x00007fff43230000 - 0x00007fff4324b000 	C:\WINDOWS\SYSTEM32\CRYPTSP.dll
0x00007fff42940000 - 0x00007fff42979000 	C:\WINDOWS\system32\rsaenh.dll
0x00007fff43000000 - 0x00007fff43033000 	C:\WINDOWS\SYSTEM32\USERENV.dll
0x00007fff43b40000 - 0x00007fff43b6a000 	C:\WINDOWS\SYSTEM32\bcrypt.dll
0x00007fff43250000 - 0x00007fff4325c000 	C:\WINDOWS\SYSTEM32\CRYPTBASE.dll
0x00007fff42400000 - 0x00007fff42432000 	C:\WINDOWS\SYSTEM32\IPHLPAPI.DLL
0x00007fff46dc0000 - 0x00007fff46dca000 	C:\WINDOWS\System32\NSI.dll
0x00007fff1a670000 - 0x00007fff1a6b9000 	C:\Users\HP\AppData\Local\Temp\jna-2312\jna7138830897555577517.dll
0x00007fff461d0000 - 0x00007fff461d8000 	C:\WINDOWS\System32\PSAPI.DLL
0x00007fff3b320000 - 0x00007fff3b33d000 	C:\WINDOWS\SYSTEM32\dhcpcsvc6.DLL
0x00007fff3b2f0000 - 0x00007fff3b315000 	C:\WINDOWS\SYSTEM32\dhcpcsvc.DLL
0x00007fff30c40000 - 0x00007fff30c4e000 	C:\Users\HP\.vscode\extensions\redhat.java-1.54.0-win32-x64\jre\21.0.10-win32-x86_64\bin\sunmscapi.dll
0x00007fff43c50000 - 0x00007fff43dc8000 	C:\WINDOWS\System32\CRYPT32.dll
0x00007fff43450000 - 0x00007fff43480000 	C:\WINDOWS\SYSTEM32\ncrypt.dll
0x00007fff43400000 - 0x00007fff4343f000 	C:\WINDOWS\SYSTEM32\NTASN1.dll
0x00007fff424a0000 - 0x00007fff425d2000 	C:\WINDOWS\SYSTEM32\DNSAPI.dll
0x00007fff388b0000 - 0x00007fff388bb000 	C:\Windows\System32\rasadhlp.dll
0x00007fff30c30000 - 0x00007fff30c39000 	C:\Users\HP\.vscode\extensions\redhat.java-1.54.0-win32-x64\jre\21.0.10-win32-x86_64\bin\extnet.dll

JVMTI agents:
c:\Users\HP\.vscode\extensions\redhat.java-1.54.0-win32-x64\lombok\lombok-1.18.39-4050.jar path:c:\Users\HP\.vscode\extensions\redhat.java-1.54.0-win32-x64\jre\21.0.10-win32-x86_64\bin\instrument.dll, loaded, initialized, instrumentlib options:none

dbghelp: loaded successfully - version: 4.0.5 - missing functions: none
symbol engine: initialized successfully - sym options: 0x614 - pdb path: .;c:\Users\HP\.vscode\extensions\redhat.java-1.54.0-win32-x64\jre\21.0.10-win32-x86_64\bin;C:\WINDOWS\SYSTEM32;C:\WINDOWS\WinSxS\amd64_microsoft.windows.common-controls_6595b64144ccf1df_6.0.26100.8457_none_3e0b2faee331e92d;c:\Users\HP\.vscode\extensions\redhat.java-1.54.0-win32-x64\jre\21.0.10-win32-x86_64\bin\server;C:\Users\HP\AppData\Roaming\Code\User\globalStorage\redhat.java\1.54.0\config_win\org.eclipse.equinox.launcher\org.eclipse.equinox.launcher.win32.win32.x86_64_1.3.0.v20260203-2149;C:\Users\HP\AppData\Local\Temp\jna-2312

VM Arguments:
jvm_args: --add-modules=ALL-SYSTEM --add-opens=java.base/java.util=ALL-UNNAMED --add-opens=java.base/java.lang=ALL-UNNAMED --add-opens=java.base/sun.nio.fs=ALL-UNNAMED -Declipse.application=org.eclipse.jdt.ls.core.id1 -Dosgi.bundles.defaultStartLevel=4 -Declipse.product=org.eclipse.jdt.ls.core.product -Djava.import.generatesMetadataFilesAtProjectRoot=false -DDetectVMInstallationsJob.disabled=true -Dfile.encoding=utf8 -XX:+UseParallelGC -XX:GCTimeRatio=4 -XX:AdaptiveSizePolicyWeight=90 -Dsun.zip.disableMemoryMapping=true -Xmx2G -Xms100m -Xlog:disable -javaagent:c:\Users\HP\.vscode\extensions\redhat.java-1.54.0-win32-x64\lombok\lombok-1.18.39-4050.jar -XX:+HeapDumpOnOutOfMemoryError -XX:HeapDumpPath=c:\Users\HP\AppData\Roaming\Code\User\workspaceStorage\db88e1af030a805d39d60710c9a89757\redhat.java -Daether.dependencyCollector.impl=bf 
java_command: c:\Users\HP\.vscode\extensions\redhat.java-1.54.0-win32-x64\server\plugins\org.eclipse.equinox.launcher_1.7.100.v20251111-0406.jar -configuration c:\Users\HP\AppData\Roaming\Code\User\globalStorage\redhat.java\1.54.0\config_win -data c:\Users\HP\AppData\Roaming\Code\User\workspaceStorage\db88e1af030a805d39d60710c9a89757\redhat.java\jdt_ws --pipe=\\.\pipe\lsp-cac13bf8094d2d89624a79dee77bc40b-sock
java_class_path (initial): c:\Users\HP\.vscode\extensions\redhat.java-1.54.0-win32-x64\server\plugins\org.eclipse.equinox.launcher_1.7.100.v20251111-0406.jar
Launcher Type: SUN_STANDARD

[Global flags]
    uintx AdaptiveSizePolicyWeight                 = 90                                        {product} {command line}
     intx CICompilerCount                          = 4                                         {product} {ergonomic}
    uintx GCTimeRatio                              = 4                                         {product} {command line}
     bool HeapDumpOnOutOfMemoryError               = true                                   {manageable} {command line}
    ccstr HeapDumpPath                             = c:\Users\HP\AppData\Roaming\Code\User\workspaceStorage\db88e1af030a805d39d60710c9a89757\redhat.java         {manageable} {command line}
   size_t InitialHeapSize                          = 104857600                                 {product} {command line}
   size_t MaxHeapSize                              = 2147483648                                {product} {command line}
   size_t MaxNewSize                               = 715653120                                 {product} {ergonomic}
   size_t MinHeapDeltaBytes                        = 524288                                    {product} {ergonomic}
   size_t MinHeapSize                              = 104857600                                 {product} {command line}
   size_t NewSize                                  = 34603008                                  {product} {ergonomic}
    uintx NonNMethodCodeHeapSize                   = 5839372                                {pd product} {ergonomic}
    uintx NonProfiledCodeHeapSize                  = 122909434                              {pd product} {ergonomic}
   size_t OldSize                                  = 70254592                                  {product} {ergonomic}
    uintx ProfiledCodeHeapSize                     = 122909434                              {pd product} {ergonomic}
    uintx ReservedCodeCacheSize                    = 251658240                              {pd product} {ergonomic}
     bool SegmentedCodeCache                       = true                                      {product} {ergonomic}
   size_t SoftMaxHeapSize                          = 2147483648                             {manageable} {ergonomic}
     bool UseCompressedOops                        = true                           {product lp64_product} {ergonomic}
     bool UseLargePagesIndividualAllocation        = false                                  {pd product} {ergonomic}
     bool UseParallelGC                            = true                                      {product} {command line}

Logging:
Log output configuration:
 #0: stdout all=off uptime,level,tags foldmultilines=false
 #1: stderr all=off uptime,level,tags foldmultilines=false

Release file:
JAVA_VERSION="21.0.10" 
MODULES="java.base java.compiler java.datatransfer java.xml java.prefs java.desktop java.instrument java.logging java.management java.security.sasl java.naming java.rmi java.management.rmi java.net.http java.scripting java.security.jgss java.transaction.xa java.sql java.sql.rowset java.xml.crypto java.se java.smartcardio jdk.accessibility jdk.internal.jvmstat jdk.attach jdk.charsets jdk.internal.opt jdk.zipfs jdk.compiler jdk.crypto.ec jdk.crypto.cryptoki jdk.crypto.mscapi jdk.dynalink jdk.internal.ed jdk.editpad jdk.hotspot.agent jdk.httpserver jdk.internal.le jdk.internal.vm.ci jdk.internal.vm.compiler jdk.internal.vm.compiler.management jdk.jartool jdk.javadoc jdk.jcmd jdk.management jdk.management.agent jdk.jconsole jdk.jdeps jdk.jdwp.agent jdk.jdi jdk.jfr jdk.jshell jdk.jsobject jdk.jstatd jdk.localedata jdk.management.jfr jdk.naming.dns jdk.naming.rmi jdk.net jdk.nio.mapmode jdk.random jdk.sctp jdk.security.auth jdk.security.jgss jdk.unsupported jdk.unsupported.desktop jdk.xml.dom" 

Environment Variables:
JAVA_HOME=C:\Program Files\Eclipse Adoptium\jdk-21.0.7.6-hotspot\
PATH=C:\Program Files\Java\jdk-26.0.1\bin;C:\Program Files\Eclipse Adoptium\jdk-21.0.7.6-hotspot\bin;C:\WINDOWS\system32;C:\WINDOWS;C:\WINDOWS\System32\Wbem;C:\WINDOWS\System32\WindowsPowerShell\v1.0\;C:\WINDOWS\System32\OpenSSH\;C:\Program Files\Java\jdk-26\bin;C:\Program Files\Git\cmd;C:\Users\HP\AppData\Local\Programs\Python\Python314\Scripts\;C:\Users\HP\AppData\Local\Programs\Python\Python314\;C:\Users\HP\AppData\Local\Programs\Python\Launcher\;C:\Program Files\MySQL\MySQL Shell 8.0\bin\;C:\Users\HP\AppData\Local\Microsoft\WindowsApps;C:\Program Files\JetBrains\IntelliJ IDEA Community Edition 2025.1.1.1\bin;;C:\Users\HP\AppData\Local\Programs\Microsoft VS Code\bin
USERNAME=HP
OS=Windows_NT
PROCESSOR_IDENTIFIER=Intel64 Family 6 Model 154 Stepping 4, GenuineIntel
TMP=C:\Users\HP\AppData\Local\Temp
TEMP=C:\Users\HP\AppData\Local\Temp




Periodic native trim disabled

---------------  S Y S T E M  ---------------

OS:
 Windows 11 , 64 bit Build 26100 (10.0.26100.8328)
OS uptime: 23 days 1:43 hours
Hyper-V role detected

CPU: total 12 (initial active 12) (6 cores per cpu, 2 threads per core) family 6 model 154 stepping 4 microcode 0x42c, cx8, cmov, fxsr, ht, mmx, 3dnowpref, sse, sse2, sse3, ssse3, sse4.1, sse4.2, popcnt, lzcnt, tsc, tscinvbit, avx, avx2, aes, erms, clmul, bmi1, bmi2, adx, sha, fma, vzeroupper, clflush, clflushopt, clwb, hv, serialize, rdtscp, rdpid, fsrm, f16c, cet_ibt, cet_ss
Processor Information for processor 0
  Max Mhz: 1300, Current Mhz: 1300, Mhz Limit: 1300
Processor Information for processor 1
  Max Mhz: 1300, Current Mhz: 1300, Mhz Limit: 1300
Processor Information for processor 2
  Max Mhz: 1300, Current Mhz: 1300, Mhz Limit: 1300
Processor Information for processor 3
  Max Mhz: 1300, Current Mhz: 1300, Mhz Limit: 1300
Processor Information for processor 4
  Max Mhz: 1300, Current Mhz: 900, Mhz Limit: 897
Processor Information for processor 5
  Max Mhz: 1300, Current Mhz: 900, Mhz Limit: 897
Processor Information for processor 6
  Max Mhz: 1300, Current Mhz: 900, Mhz Limit: 897
Processor Information for processor 7
  Max Mhz: 1300, Current Mhz: 900, Mhz Limit: 897
Processor Information for processor 8
  Max Mhz: 1300, Current Mhz: 900, Mhz Limit: 897
Processor Information for processor 9
  Max Mhz: 1300, Current Mhz: 900, Mhz Limit: 897
Processor Information for processor 10
  Max Mhz: 1300, Current Mhz: 900, Mhz Limit: 897
Processor Information for processor 11
  Max Mhz: 1300, Current Mhz: 900, Mhz Limit: 897

Memory: 4k page, system-wide physical 7863M (904M free)
TotalPageFile size 12973M (AvailPageFile size 1M)
current process WorkingSet (physical memory assigned to process): 737M, peak: 1561M
current process commit charge ("private bytes"): 1346M, peak: 1764M

vm_info: OpenJDK 64-Bit Server VM (21.0.10+7-LTS) for windows-amd64 JRE (21.0.10+7-LTS), built on 2026-01-20T00:00:00Z by "admin" with MS VC++ 17.12 (VS2022)

END.
