#
# There is insufficient memory for the Java Runtime Environment to continue.
# Native memory allocation (malloc) failed to allocate 1183768 bytes. Error detail: Chunk::new
# Possible reasons:
#   The system is out of physical RAM or swap space
#   This process is running with CompressedOops enabled, and the Java Heap may be blocking the growth of the native heap
# Possible solutions:
#   Reduce memory load on the system
#   Increase physical memory or swap space
#   Check if swap backing store is full
#   Decrease Java heap size (-Xmx/-Xms)
#   Decrease number of Java threads
#   Decrease Java thread stack sizes (-Xss)
#   Set larger code cache with -XX:ReservedCodeCacheSize=
#   JVM is running with Unscaled Compressed Oops mode in which the Java heap is
#     placed in the first 4GB address space. The Java Heap base address is the
#     maximum limit for the native heap growth. Please use -XX:HeapBaseMinAddress
#     to set the Java Heap base and to place the Java Heap above 4GB virtual address.
# This output file may be truncated or incomplete.
#
#  Out of Memory Error (arena.cpp:193), pid=13660, tid=12760
#
# JRE version: Java(TM) SE Runtime Environment (26.0.1+8) (build 26.0.1+8-34)
# Java VM: Java HotSpot(TM) 64-Bit Server VM (26.0.1+8-34, mixed mode, sharing, tiered, compressed oops, compressed class ptrs, g1 gc, windows-amd64)
# No core dump will be written. Minidumps are not enabled by default on client versions of Windows
#

---------------  S U M M A R Y ------------

Command Line: -Dapplication.home=C:\Program Files\Java\jdk-26.0.1 --add-modules=ALL-DEFAULT -Xms8m -Djdk.module.main=jdk.compiler jdk.compiler/com.sun.tools.javac.Main strongnumber1.java

Host: 12th Gen Intel(R) Core(TM) i5-1235U, 12 cores, 7G,  Windows 11 , 64 bit Build 26100 (10.0.26100.8328)
Time: Mon Jun  8 20:48:55 2026 India Standard Time elapsed time: 3.042330 seconds (0d 0h 0m 3s)

---------------  T H R E A D  ---------------

Current thread (0x00000233751782f0):  JavaThread "C2 CompilerThread0" daemon [_thread_in_native, id=12760, stack(0x000000bd96500000,0x000000bd96600000) (1024K)]


Current CompileTask:
C2:3042  451       4       java.lang.StringBuilder::append (8 bytes)

Stack: [0x000000bd96500000,0x000000bd96600000]
Native frames: (J=compiled Java code, j=interpreted, Vv=VM code, C=native code)
V  [jvm.dll+0x7d5879]  (no source info available)
V  [jvm.dll+0x7a37dd]  (no source info available)
V  [jvm.dll+0x9b0c10]  (no source info available)
V  [jvm.dll+0x9b3061]  (no source info available)
V  [jvm.dll+0x9b3773]  (no source info available)
V  [jvm.dll+0x30df76]  (no source info available)
V  [jvm.dll+0x11d8a6]  (no source info available)
V  [jvm.dll+0x11dbce]  (no source info available)
V  [jvm.dll+0x1afbe6]  (no source info available)
V  [jvm.dll+0x3ca822]  (no source info available)
V  [jvm.dll+0x7de462]  (no source info available)
V  [jvm.dll+0x2d1647]  (no source info available)
V  [jvm.dll+0x2d05bf]  (no source info available)
V  [jvm.dll+0x246820]  (no source info available)
V  [jvm.dll+0x2e06dc]  (no source info available)
V  [jvm.dll+0x2de8bd]  (no source info available)
V  [jvm.dll+0x4a3ff1]  (no source info available)
V  [jvm.dll+0x94f649]  (no source info available)
V  [jvm.dll+0x7d7358]  (no source info available)
C  [ucrtbase.dll+0x37b0]  (no source info available)
C  [KERNEL32.DLL+0x2e957]  (no source info available)
C  [ntdll.dll+0x427c]  (no source info available)

Lock stack of current Java thread (top to bottom):


---------------  P R O C E S S  ---------------

Threads class SMR info:
_java_thread_list=0x00000233752f4f00, length=12, elements={
0x000002335557f2a0, 0x000002337515f7b0, 0x0000023375160200, 0x00000233751627a0,
0x0000023375163350, 0x0000023375164f10, 0x000002337516ee90, 0x00000233751782f0,
0x0000023375184b10, 0x0000023375342e50, 0x000002337533aec0, 0x00000233753c0f30
}

Java Threads: ( => current thread )
  0x000002335557f2a0 JavaThread "main"                              [_thread_in_vm, id=26160, stack(0x000000bd95600000,0x000000bd95700000) (1024K)]
  0x000002337515f7b0 JavaThread "Reference Handler"          daemon [_thread_blocked, id=18600, stack(0x000000bd95f00000,0x000000bd96000000) (1024K)]
  0x0000023375160200 JavaThread "Finalizer"                  daemon [_thread_blocked, id=25596, stack(0x000000bd96000000,0x000000bd96100000) (1024K)]
  0x00000233751627a0 JavaThread "Signal Dispatcher"          daemon [_thread_blocked, id=13628, stack(0x000000bd96100000,0x000000bd96200000) (1024K)]
  0x0000023375163350 JavaThread "Attach Listener"            daemon [_thread_blocked, id=17224, stack(0x000000bd96200000,0x000000bd96300000) (1024K)]
  0x0000023375164f10 JavaThread "Service Thread"             daemon [_thread_blocked, id=24900, stack(0x000000bd96300000,0x000000bd96400000) (1024K)]
  0x000002337516ee90 JavaThread "Monitor Deflation Thread"   daemon [_thread_blocked, id=9280, stack(0x000000bd96400000,0x000000bd96500000) (1024K)]
=>0x00000233751782f0 JavaThread "C2 CompilerThread0"         daemon [_thread_in_native, id=12760, stack(0x000000bd96500000,0x000000bd96600000) (1024K)]
  0x0000023375184b10 JavaThread "C1 CompilerThread0"         daemon [_thread_blocked, id=23664, stack(0x000000bd96600000,0x000000bd96700000) (1024K)]
  0x0000023375342e50 JavaThread "C2 CompilerThread1"         daemon [_thread_in_native, id=22964, stack(0x000000bd96700000,0x000000bd96800000) (1024K)]
  0x000002337533aec0 JavaThread "Notification Thread"        daemon [_thread_blocked, id=15780, stack(0x000000bd96800000,0x000000bd96900000) (1024K)]
  0x00000233753c0f30 JavaThread "Common-Cleaner"             daemon [_thread_blocked, id=25420, stack(0x000000bd96900000,0x000000bd96a00000) (1024K)]
Total: 12

Other Threads:
  0x000002337514e000 VMThread "VM Thread"                           [id=22720, stack(0x000000bd95e00000,0x000000bd95f00000) (1024K)]
  0x000002337513e4c0 WatcherThread "VM Periodic Task Thread"        [id=9040, stack(0x000000bd95d00000,0x000000bd95e00000) (1024K)]
  0x000002335793c700 WorkerThread "GC Thread#0"                     [id=23368, stack(0x000000bd95700000,0x000000bd95800000) (1024K)]
  0x00000233759300f0 WorkerThread "GC Thread#1"                     [id=22264, stack(0x000000bd96a00000,0x000000bd96b00000) (1024K)]
  0x0000023357955cf0 ConcurrentGCThread "G1 Main Marker"            [id=5468, stack(0x000000bd95800000,0x000000bd95900000) (1024K)]
  0x0000023357956670 WorkerThread "G1 Conc#0"                       [id=22392, stack(0x000000bd95900000,0x000000bd95a00000) (1024K)]
  0x000002335799f520 WorkerThread "G1 Refinement Workers#0"         [id=24752, stack(0x000000bd95b00000,0x000000bd95c00000) (1024K)]
  0x000002335799eb50 ConcurrentGCThread "G1 Refine Control"         [id=22676, stack(0x000000bd95a00000,0x000000bd95b00000) (1024K)]
  0x00000233579a1480 ConcurrentGCThread "G1 Service"                [id=20216, stack(0x000000bd95c00000,0x000000bd95d00000) (1024K)]
Total: 9

Threads with active compile tasks:
C2 CompilerThread0  4105  451       4       java.lang.StringBuilder::append (8 bytes)
C2 CompilerThread1  4105  465       4       java.lang.StringLatin1::replace (197 bytes)
Total: 2

VM state: not at safepoint (normal execution)

VM Mutex/Monitor currently owned by a thread: None

Heap address: 0x0000000085200000, size: 1966 MB, Compressed Oops mode: 32-bit

CDS archive(s) mapped at: [0x0000000014000000-0x0000000014de0000-0x0000000014de0000), size 14548992, SharedBaseAddress: 0x0000000014000000, ArchiveRelocationMode: 1.
Compressed class space mapped at: 0x0000000015000000-0x0000000055000000, reserved size: 1073741824
UseCompressedClassPointers 1, UseCompactObjectHeaders 0
Narrow klass pointer bits 32, Max shift 3
Narrow klass base: 0x0000000014000000, Narrow klass shift: 0
Encoding Range: [0x0000000014000000 - 0x0000000114000000), (4294967296 bytes)
Klass Range:    [0x0000000014000000 - 0x0000000055000000), (1090519040 bytes)
Klass ID Range:  [8 - 1090519033) (1090519025)
Protection zone: [0x0000000014000000 - 0x0000000014010000), (65536 bytes)

GC Precious Log:
 CardTable entry size: 512
 Card Set container configuration: InlinePtr #cards 5 size 8 Array Of Cards #cards 10 size 36 Howl #buckets 4 coarsen threshold 1843 Howl Bitmap #cards 512 size 80 coarsen threshold 460 Card regions per heap region 1 cards per card region 2048
 CPUs: 12 total, 12 available
 Memory: 7863M
 Large Page Support: Disabled
 NUMA Support: Disabled
 Compressed Oops: Enabled (32-bit)
 Heap Region Size: 1M
 Heap Min Capacity: 8M
 Heap Initial Capacity: 8M
 Heap Max Capacity: 1966M
 Pre-touch: Disabled
 Parallel Workers: 10
 Concurrent Workers: 3
 Concurrent Refinement Workers: 10
 Periodic GC: Disabled

Heap:
 garbage-first heap   total reserved 2013184K, committed 10240K, used 2355K [0x0000000085200000, 0x0000000100000000)
  region size 1M, 1 eden (1M), 1 survivor (1M), 3 old (3M), 0 humongous (0M), 5 free (5M)

Heap Regions: E=young(eden), S=young(survivor), O=old, HS=humongous(starts), HC=humongous(continues), CS=collection set, F=free, TAMS=top-at-mark-start, PB=parsable bottom
|    0|0x0000000085200000, 0x0000000085224000, 0x0000000085300000| 14%| O|  |TAMS 0x0000000085200000| PB 0x0000000085200000| Untracked |  0
|    1|0x0000000085300000, 0x0000000085300000, 0x0000000085400000|  0%| F|  |TAMS 0x0000000085300000| PB 0x0000000085300000| Untracked |  0
|    2|0x0000000085400000, 0x0000000085400000, 0x0000000085500000|  0%| F|  |TAMS 0x0000000085400000| PB 0x0000000085400000| Untracked |  0
|    3|0x0000000085500000, 0x0000000085600000, 0x0000000085600000|100%| S|CS|TAMS 0x0000000085500000| PB 0x0000000085500000| Complete  |  0
|    4|0x0000000085600000, 0x0000000085600000, 0x0000000085700000|  0%| F|  |TAMS 0x0000000085600000| PB 0x0000000085600000| Untracked |  0
|    5|0x0000000085700000, 0x0000000085700000, 0x0000000085800000|  0%| F|  |TAMS 0x0000000085700000| PB 0x0000000085700000| Untracked |  0
|    6|0x0000000085800000, 0x0000000085800000, 0x0000000085900000|  0%| F|  |TAMS 0x0000000085800000| PB 0x0000000085800000| Untracked |  0
|    7|0x0000000085900000, 0x00000000859a6620, 0x0000000085a00000| 64%| E|CS|TAMS 0x0000000085900000| PB 0x0000000085900000| Complete  |  0
| 1964|0x00000000ffe00000, 0x00000000fff00000, 0x00000000fff00000|100%| O|  |TAMS 0x00000000ffe00000| PB 0x00000000ffe00000| Untracked |  0
| 1965|0x00000000fff00000, 0x00000000fff28d80, 0x0000000100000000| 15%| O|  |TAMS 0x00000000fff00000| PB 0x00000000fff00000| Untracked |  0

Card table byte_map: [0x00000233702d0000,0x00000233706b0000] _byte_map_base: 0x000002336fea7000
Refinement table byte_map: [0x000002336fef0000,0x00000233702d0000] _byte_map_base: 0x000002336fac7000

Marking Bits: (CMBitMap*) 0x000002335793cc80
 Bits: [0x00000233706b0000, 0x0000023372568000)

Polling page: 0x00000233557a0000

Metaspace:
Metaspace        used 4653K, committed 4800K, reserved 1114112K
 class space     used 578K, committed 640K, reserved 1048576K

Usage:
  Non-class:      3.98 MB used.
      Class:    578.58 KB used.
       Both:      4.54 MB used.

Virtual space:
  Non-class space:       64.00 MB reserved,       4.06 MB (  6%) committed,  1 nodes.
      Class space:        1.00 GB reserved,     640.00 KB ( <1%) committed,  1 nodes.
             Both:        1.06 GB reserved,       4.69 MB ( <1%) committed. 

Chunk freelists:
   Non-Class:  8.69 MB
       Class:  15.20 MB
        Both:  23.89 MB

MaxMetaspaceSize: unlimited
CompressedClassSpaceSize: 1.00 GB
Initial GC threshold: 21.00 MB
Current GC threshold: 21.00 MB
CDS: on
 - commit_granule_bytes: 65536.
 - commit_granule_words: 8192.
 - virtual_space_node_default_size: 8388608.
 - enlarge_chunks_in_place: 1.
UseCompressedClassPointers 1, UseCompactObjectHeaders 0
Narrow klass pointer bits 32, Max shift 3
Narrow klass base: 0x0000000014000000, Narrow klass shift: 0
Encoding Range: [0x0000000014000000 - 0x0000000114000000), (4294967296 bytes)
Klass Range:    [0x0000000014000000 - 0x0000000055000000), (1090519040 bytes)
Klass ID Range:  [8 - 1090519033) (1090519025)
Protection zone: [0x0000000014000000 - 0x0000000014010000), (65536 bytes)


Internal statistics:

num_allocs_failed_limit: 0.
num_arena_births: 30.
num_arena_deaths: 0.
num_vsnodes_births: 2.
num_vsnodes_deaths: 0.
num_space_committed: 75.
num_space_uncommitted: 0.
num_chunks_returned_to_freelist: 0.
num_chunks_taken_from_freelist: 195.
num_chunk_merges: 0.
num_chunk_splits: 137.
num_chunks_enlarged: 106.
num_inconsistent_stats: 0.

CodeHeap 'non-profiled nmethods': size=120064Kb used=148Kb max_used=148Kb free=119915Kb
 bounds [0x0000023368080000, 0x00000233682f0000, 0x000002336f5c0000]
CodeHeap 'profiled nmethods': size=120064Kb used=635Kb max_used=635Kb free=119428Kb
 bounds [0x00000233605a0000, 0x0000023360810000, 0x0000023367ae0000]
CodeHeap 'non-nmethods': size=5760Kb used=1298Kb max_used=1298Kb free=4461Kb
 bounds [0x0000023367ae0000, 0x0000023367d50000, 0x0000023368080000]
CodeCache: size=245888Kb, used=2081Kb, max_used=2081Kb, free=243804Kb
 total_blobs=921, nmethods=521, adapters=303, full_count=0
Compilation: enabled, stopped_count=0, restarted_count=0

Compilation events (20 events):
Event: 2.021 Thread 0x0000023375184b10  454       3       jdk.internal.jimage.ImageReader::getResourceBuffer (50 bytes)
Event: 2.021 Thread 0x0000023375184b10 nmethod 454 0x000002336061dc08 code [0x000002336061dd00, 0x000002336061ebf0]
Event: 2.021 Thread 0x0000023375184b10  455       3       jdk.internal.jimage.ImageReader::requireOpen (18 bytes)
Event: 2.021 Thread 0x0000023375184b10 nmethod 455 0x000002336061ec08 code [0x000002336061ed00, 0x000002336061ef10]
Event: 2.021 Thread 0x0000023375184b10  456   !   3       jdk.internal.jimage.BasicImageReader::getResourceBuffer (203 bytes)
Event: 2.022 Thread 0x0000023375184b10 nmethod 456 0x000002336061ef88 code [0x000002336061f080, 0x0000023360620d78]
Event: 2.022 Thread 0x0000023375184b10  458       3       jdk.internal.util.ArraysSupport::mismatch (103 bytes)
Event: 2.022 Thread 0x0000023375184b10 nmethod 458 0x0000023360620e08 code [0x0000023360620f00, 0x00000233606212d8]
Event: 2.022 Thread 0x0000023375184b10  457       3       jdk.internal.jimage.ImageLocation::getContentOffset (6 bytes)
Event: 2.023 Thread 0x0000023375184b10 nmethod 457 0x0000023360621308 code [0x0000023360621400, 0x0000023360621538]
Event: 2.023 Thread 0x0000023375184b10  459       3       java.security.CodeSource::matchCerts (254 bytes)
Event: 2.023 Thread 0x0000023375184b10 nmethod 459 0x0000023360621608 code [0x0000023360621700, 0x0000023360622138]
Event: 2.024 Thread 0x0000023375184b10  460       3       java.lang.invoke.LambdaForm::forceInterpretation (14 bytes)
Event: 2.024 Thread 0x0000023375184b10 nmethod 460 0x0000023360622188 code [0x0000023360622280, 0x00000233606223c8]
Event: 2.025 Thread 0x0000023375184b10  461       3       jdk.internal.loader.BuiltinClassLoader::moduleReaderFor (45 bytes)
Event: 2.025 Thread 0x0000023375184b10 nmethod 461 0x0000023360622488 code [0x0000023360622580, 0x0000023360622c00]
Event: 2.025 Thread 0x0000023375184b10  462       3       java.security.CodeSource::<init> (52 bytes)
Event: 2.025 Thread 0x0000023375184b10 nmethod 462 0x0000023360622c08 code [0x0000023360622d00, 0x00000233606231c0]
Event: 2.025 Thread 0x0000023375184b10  463       3       java.security.SecureClassLoader::defineClass (12 bytes)
Event: 2.025 Thread 0x0000023375184b10 nmethod 463 0x0000023360623208 code [0x0000023360623300, 0x0000023360623508]

GC Heap Usage History (0 events):
No events

Metaspace Usage History (0 events):
No events

Dll operation events (8 events):
Event: 0.103 Attempting to load shared library C:\Program Files\Java\jdk-26.0.1\bin\java.dll
Event: 0.106 Loaded shared library C:\Program Files\Java\jdk-26.0.1\bin\java.dll
Event: 1.760 Attempting to load shared library C:\Program Files\Java\jdk-26.0.1\bin\jimage.dll
Event: 1.760 Loaded shared library C:\Program Files\Java\jdk-26.0.1\bin\jimage.dll
Event: 1.762 Attempting to load shared library C:\Program Files\Java\jdk-26.0.1\bin\net.dll
Event: 1.772 Loaded shared library C:\Program Files\Java\jdk-26.0.1\bin\net.dll
Event: 1.774 Attempting to load shared library C:\Program Files\Java\jdk-26.0.1\bin\nio.dll
Event: 1.774 Loaded shared library C:\Program Files\Java\jdk-26.0.1\bin\nio.dll

Deoptimization events (16 events):
Event: 1.876 Thread 0x000002335557f2a0 Uncommon trap: trap_request=0xffffffc6 fr.pc=0x000002336808d86c relative=0x000000000000086c
Event: 1.876 Thread 0x000002335557f2a0 Uncommon trap: reason=bimorphic_or_optimized_type_check action=maybe_recompile pc=0x000002336808d86c method=java.util.HashMap.putVal(ILjava/lang/Object;Ljava/lang/Object;ZZ)Ljava/lang/Object; @ 56 c2
Event: 1.876 Thread 0x000002335557f2a0 DEOPT PACKING pc=0x000002336808d86c sp=0x000000bd956fe5e0
Event: 1.877 Thread 0x000002335557f2a0 DEOPT UNPACKING pc=0x0000023367c05482 sp=0x000000bd956fe548 mode 2
Event: 1.877 Thread 0x000002335557f2a0 Uncommon trap: trap_request=0xffffffc6 fr.pc=0x000002336808d86c relative=0x000000000000086c
Event: 1.877 Thread 0x000002335557f2a0 Uncommon trap: reason=bimorphic_or_optimized_type_check action=maybe_recompile pc=0x000002336808d86c method=java.util.HashMap.putVal(ILjava/lang/Object;Ljava/lang/Object;ZZ)Ljava/lang/Object; @ 56 c2
Event: 1.877 Thread 0x000002335557f2a0 DEOPT PACKING pc=0x000002336808d86c sp=0x000000bd956fe5e0
Event: 1.877 Thread 0x000002335557f2a0 DEOPT UNPACKING pc=0x0000023367c05482 sp=0x000000bd956fe548 mode 2
Event: 1.877 Thread 0x000002335557f2a0 Uncommon trap: trap_request=0xffffffc6 fr.pc=0x000002336808d86c relative=0x000000000000086c
Event: 1.877 Thread 0x000002335557f2a0 Uncommon trap: reason=bimorphic_or_optimized_type_check action=maybe_recompile pc=0x000002336808d86c method=java.util.HashMap.putVal(ILjava/lang/Object;Ljava/lang/Object;ZZ)Ljava/lang/Object; @ 56 c2
Event: 1.877 Thread 0x000002335557f2a0 DEOPT PACKING pc=0x000002336808d86c sp=0x000000bd956fe5e0
Event: 1.877 Thread 0x000002335557f2a0 DEOPT UNPACKING pc=0x0000023367c05482 sp=0x000000bd956fe548 mode 2
Event: 1.877 Thread 0x000002335557f2a0 Uncommon trap: trap_request=0xffffffc6 fr.pc=0x000002336808d86c relative=0x000000000000086c
Event: 1.877 Thread 0x000002335557f2a0 Uncommon trap: reason=bimorphic_or_optimized_type_check action=maybe_recompile pc=0x000002336808d86c method=java.util.HashMap.putVal(ILjava/lang/Object;Ljava/lang/Object;ZZ)Ljava/lang/Object; @ 56 c2
Event: 1.877 Thread 0x000002335557f2a0 DEOPT PACKING pc=0x000002336808d86c sp=0x000000bd956fe5e0
Event: 1.877 Thread 0x000002335557f2a0 DEOPT UNPACKING pc=0x0000023367c05482 sp=0x000000bd956fe548 mode 2

Classes loaded (20 events):
Event: 1.877 Loading class java/lang/ProcessEnvironment$CheckedEntrySet$1
Event: 1.877 Loading class java/lang/ProcessEnvironment$CheckedEntrySet$1 done
Event: 1.877 Loading class java/lang/ProcessEnvironment$CheckedEntry
Event: 1.877 Loading class java/lang/ProcessEnvironment$CheckedEntry done
Event: 1.880 Loading class java/nio/file/AccessMode
Event: 1.880 Loading class java/nio/file/AccessMode done
Event: 1.929 Loading class sun/nio/fs/WindowsPath$1
Event: 1.929 Loading class sun/nio/fs/WindowsPath$1 done
Event: 1.951 Loading class java/nio/file/FileSystemNotFoundException
Event: 1.951 Loading class java/nio/file/FileSystemNotFoundException done
Event: 1.951 Loading class java/util/JumboEnumSet$EnumSetIterator
Event: 1.951 Loading class java/util/JumboEnumSet$EnumSetIterator done
Event: 1.972 Loading class java/util/concurrent/Callable
Event: 1.972 Loading class java/util/concurrent/Callable done
Event: 1.977 Loading class java/io/StringWriter
Event: 1.977 Loading class java/io/StringWriter done
Event: 2.002 Loading class java/nio/file/ReadOnlyFileSystemException
Event: 2.002 Loading class java/nio/file/ReadOnlyFileSystemException done
Event: 2.021 Loading class java/nio/file/ClosedFileSystemException
Event: 2.021 Loading class java/nio/file/ClosedFileSystemException done

Classes unloaded (0 events):
No events

Classes redefined (0 events):
No events

Internal exceptions (4 events):
Event: 1.827 Thread 0x000002335557f2a0 Exception <a 'java/lang/NoSuchMethodError'{0x000000008588b360}: 'void java.lang.invoke.DirectMethodHandle$Holder.invokeSpecial(java.lang.Object, java.lang.Object, java.lang.Object)'> (0x000000008588b360) 
thrown [s\open\src\hotspot\share\interpreter\linkResolver.cpp, line 804]
Event: 1.953 Thread 0x000002335557f2a0 Exception <a 'java/lang/NoSuchMethodError'{0x00000000857f7a30}: 'int java.lang.invoke.DirectMethodHandle$Holder.invokeVirtual(java.lang.Object, java.lang.Object, java.lang.Object)'> (0x00000000857f7a30) 
thrown [s\open\src\hotspot\share\interpreter\linkResolver.cpp, line 804]
Event: 1.965 Thread 0x000002335557f2a0 Exception <a 'java/lang/NoSuchMethodError'{0x0000000085607c20}: 'void java.lang.invoke.DirectMethodHandle$Holder.invokeInterface(java.lang.Object, java.lang.Object, java.lang.Object)'> (0x0000000085607c20) 
thrown [s\open\src\hotspot\share\interpreter\linkResolver.cpp, line 804]
Event: 1.971 Thread 0x000002335557f2a0 Exception <a 'java/lang/NoSuchMethodError'{0x000000008562d6a0}: 'java.lang.Object java.lang.invoke.DirectMethodHandle$Holder.invokeStaticInit(java.lang.Object)'> (0x000000008562d6a0) 
thrown [s\open\src\hotspot\share\interpreter\linkResolver.cpp, line 804]

VM Operations (4 events):
Event: 1.876 Executing non-safepoint VM operation: HandshakeAllThreads (Deoptimize)
Event: 1.876 Executing non-safepoint VM operation: HandshakeAllThreads (Deoptimize) done
Event: 1.978 Executing non-safepoint VM operation: HandshakeAllThreads (Deoptimize)
Event: 1.978 Executing non-safepoint VM operation: HandshakeAllThreads (Deoptimize) done

Memory protections (0 events):
No events

Nmethod flushes (0 events):
No events

Events (12 events):
Event: 1.672 Thread 0x000002335557f2a0 Thread added: 0x000002335557f2a0
Event: 1.718 Thread 0x000002335557f2a0 Thread added: 0x000002337515f7b0
Event: 1.718 Thread 0x000002335557f2a0 Thread added: 0x0000023375160200
Event: 1.719 Thread 0x000002335557f2a0 Thread added: 0x00000233751627a0
Event: 1.719 Thread 0x000002335557f2a0 Thread added: 0x0000023375163350
Event: 1.719 Thread 0x000002335557f2a0 Thread added: 0x0000023375164f10
Event: 1.719 Thread 0x000002335557f2a0 Thread added: 0x000002337516ee90
Event: 1.720 Thread 0x000002335557f2a0 Thread added: 0x00000233751782f0
Event: 1.720 Thread 0x000002335557f2a0 Thread added: 0x0000023375184b10
Event: 1.753 Thread 0x00000233751782f0 Thread added: 0x0000023375342e50
Event: 1.756 Thread 0x000002335557f2a0 Thread added: 0x000002337533aec0
Event: 1.762 Thread 0x000002335557f2a0 Thread added: 0x00000233753c0f30


Dynamic libraries:
0x00007ff6b09a0000 - 0x00007ff6b09a8000 	C:\Program Files\Java\jdk-26.0.1\bin\javac.exe
0x00007fff47220000 - 0x00007fff47487000 	C:\WINDOWS\SYSTEM32\ntdll.dll
0x00007fff466b0000 - 0x00007fff46779000 	C:\WINDOWS\System32\KERNEL32.DLL
0x00007fff449b0000 - 0x00007fff44da7000 	C:\WINDOWS\System32\KERNELBASE.dll
0x00007fff44830000 - 0x00007fff4497b000 	C:\WINDOWS\System32\ucrtbase.dll
0x00007fff113c0000 - 0x00007fff113d7000 	C:\Program Files\Java\jdk-26.0.1\bin\jli.dll
0x00007fff0d5c0000 - 0x00007fff0d5de000 	C:\Program Files\Java\jdk-26.0.1\bin\VCRUNTIME140.dll
0x00007fff45030000 - 0x00007fff451f6000 	C:\WINDOWS\System32\USER32.dll
0x00007fff44980000 - 0x00007fff449a7000 	C:\WINDOWS\System32\win32u.dll
0x00007fff462c0000 - 0x00007fff462eb000 	C:\WINDOWS\System32\GDI32.dll
0x00007fff23ca0000 - 0x00007fff23f32000 	C:\WINDOWS\WinSxS\amd64_microsoft.windows.common-controls_6595b64144ccf1df_6.0.26100.8457_none_3e0b2faee331e92d\COMCTL32.dll
0x00007fff43e90000 - 0x00007fff43fbc000 	C:\WINDOWS\System32\gdi32full.dll
0x00007fff463f0000 - 0x00007fff46499000 	C:\WINDOWS\System32\msvcrt.dll
0x00007fff44ef0000 - 0x00007fff44f93000 	C:\WINDOWS\System32\msvcp_win.dll
0x00007fff471a0000 - 0x00007fff471d2000 	C:\WINDOWS\System32\IMM32.DLL
0x00007fff14d80000 - 0x00007fff14d8c000 	C:\Program Files\Java\jdk-26.0.1\bin\vcruntime140_1.dll
0x00007ffef8f40000 - 0x00007ffef8fcd000 	C:\Program Files\Java\jdk-26.0.1\bin\msvcp140.dll
0x00007ffe9a0e0000 - 0x00007ffe9afae000 	C:\Program Files\Java\jdk-26.0.1\bin\server\jvm.dll
0x00007fff45270000 - 0x00007fff45326000 	C:\WINDOWS\System32\ADVAPI32.dll
0x00007fff45330000 - 0x00007fff453d7000 	C:\WINDOWS\System32\sechost.dll
0x00007fff46ee0000 - 0x00007fff46ff8000 	C:\WINDOWS\System32\RPCRT4.dll
0x00007fff44fa0000 - 0x00007fff45020000 	C:\WINDOWS\System32\WS2_32.dll
0x00007fff3bda0000 - 0x00007fff3bdd6000 	C:\WINDOWS\SYSTEM32\WINMM.dll
0x00007fff43ab0000 - 0x00007fff43b0e000 	C:\WINDOWS\SYSTEM32\POWRPROF.dll
0x00007fff33af0000 - 0x00007fff33afb000 	C:\WINDOWS\SYSTEM32\VERSION.dll
0x00007fff43a90000 - 0x00007fff43aa4000 	C:\WINDOWS\SYSTEM32\UMPDC.dll
0x00007fff429e0000 - 0x00007fff429fb000 	C:\WINDOWS\SYSTEM32\kernel.appcore.dll
0x00007fff14c70000 - 0x00007fff14c7a000 	C:\Program Files\Java\jdk-26.0.1\bin\jimage.dll
0x00007fff41b80000 - 0x00007fff41dc2000 	C:\WINDOWS\SYSTEM32\DBGHELP.DLL
0x00007fff469f0000 - 0x00007fff46d73000 	C:\WINDOWS\System32\combase.dll
0x00007fff461e0000 - 0x00007fff462b9000 	C:\WINDOWS\System32\OLEAUT32.dll
0x00007fff1b480000 - 0x00007fff1b4bb000 	C:\WINDOWS\SYSTEM32\dbgcore.DLL
0x00007fff44db0000 - 0x00007fff44e58000 	C:\WINDOWS\System32\bcryptPrimitives.dll
0x00007fff0d5a0000 - 0x00007fff0d5bf000 	C:\Program Files\Java\jdk-26.0.1\bin\java.dll
0x00007fff47000000 - 0x00007fff47197000 	C:\WINDOWS\System32\ole32.dll
0x00007fff45a50000 - 0x00007fff461be000 	C:\WINDOWS\System32\SHELL32.dll
0x00007fff43fc0000 - 0x00007fff4482c000 	C:\WINDOWS\System32\windows.storage.dll
0x00007fff46800000 - 0x00007fff468f6000 	C:\WINDOWS\System32\SHCORE.dll
0x00007fff45200000 - 0x00007fff45266000 	C:\WINDOWS\System32\shlwapi.dll
0x00007fff43b70000 - 0x00007fff43b99000 	C:\WINDOWS\SYSTEM32\profapi.dll
0x00007fff0d580000 - 0x00007fff0d592000 	C:\Program Files\Java\jdk-26.0.1\bin\net.dll
0x00007fff42f50000 - 0x00007fff42fbc000 	C:\WINDOWS\system32\mswsock.dll
0x00007fff0d3c0000 - 0x00007fff0d3d6000 	C:\Program Files\Java\jdk-26.0.1\bin\nio.dll

JVMTI agents: none

dbghelp: loaded successfully - version: 4.0.5 - missing functions: none
symbol engine: initialized successfully - sym options: 0x614 - pdb path: .;C:\Program Files\Java\jdk-26.0.1\bin;C:\WINDOWS\SYSTEM32;C:\WINDOWS\WinSxS\amd64_microsoft.windows.common-controls_6595b64144ccf1df_6.0.26100.8457_none_3e0b2faee331e92d;C:\Program Files\Java\jdk-26.0.1\bin\server

VM Arguments:
jvm_args: -Dapplication.home=C:\Program Files\Java\jdk-26.0.1 --add-modules=ALL-DEFAULT -Xms8m -Djdk.module.main=jdk.compiler 
java_command: jdk.compiler/com.sun.tools.javac.Main strongnumber1.java
java_class_path (initial): <not set>
Launcher Type: SUN_STANDARD

[Global flags]
     bool AOTAdapterCaching                        = false                                  {diagnostic} {ergonomic}
     bool AOTInvokeDynamicLinking                  = false                                  {diagnostic} {ergonomic}
     bool AOTRecordTraining                        = false                                  {diagnostic} {ergonomic}
     bool AOTReplayTraining                        = false                                  {diagnostic} {ergonomic}
     bool AOTStubCaching                           = false                                  {diagnostic} {ergonomic}
     intx CICompilerCount                          = 4                                         {product} {ergonomic}
     uint ConcGCThreads                            = 3                                         {product} {ergonomic}
     uint G1ConcRefinementThreads                  = 10                                        {product} {ergonomic}
     uint G1EagerReclaimRemSetThreshold            = 10                                   {experimental} {ergonomic}
   size_t G1HeapRegionSize                         = 1048576                                   {product} {ergonomic}
     uint G1RemSetArrayOfCardsEntries              = 10                                   {experimental} {ergonomic}
     uint G1RemSetHowlMaxNumBuckets                = 8                                    {experimental} {ergonomic}
     uint G1RemSetHowlNumBuckets                   = 4                                    {experimental} {ergonomic}
   size_t InitialHeapSize                          = 8388608                                   {product} {command line}
     bool IntelJccErratumMitigation                = false                             {ARCH diagnostic} {ergonomic}
   size_t MarkStackSize                            = 4194304                                   {product} {ergonomic}
   size_t MarkStackSizeMax                         = 536870912                                 {product} {ergonomic}
   size_t MaxHeapSize                              = 2061500416                                {product} {ergonomic}
   size_t MaxNewSize                               = 1236271104                                {product} {ergonomic}
 uint64_t MaxRAM                                   = 8245329920                                {product} {ergonomic}
   size_t MinHeapDeltaBytes                        = 1048576                                   {product} {ergonomic}
   size_t MinHeapSize                              = 8388608                                   {product} {command line}
   size_t NonNMethodCodeHeapSize                   = 5898240                                {pd product} {ergonomic}
   size_t NonProfiledCodeHeapSize                  = 122945536                              {pd product} {ergonomic}
   size_t ProfiledCodeHeapSize                     = 122945536                              {pd product} {ergonomic}
   size_t ReservedCodeCacheSize                    = 251789312                              {pd product} {ergonomic}
     bool SegmentedCodeCache                       = true                                      {product} {ergonomic}
   size_t SoftMaxHeapSize                          = 2061500416                             {manageable} {ergonomic}
     bool UseCompressedOops                        = true                           {product lp64_product} {ergonomic}
     bool UseCondCardMark                          = true                                      {product} {ergonomic}
     bool UseFastUnorderedTimeStamps               = true                                 {experimental} {ergonomic}
     bool UseG1GC                                  = true                                      {product} {ergonomic}
     bool UseLargePagesIndividualAllocation        = false                                  {pd product} {ergonomic}
      int X86ICacheSync                            = 3                                 {ARCH diagnostic} {ergonomic}

Logging:
Log output configuration:
 #0: stdout all=warning uptime,level,tags foldmultilines=false
 #1: stderr all=off uptime,level,tags foldmultilines=false

Release file:
IMPLEMENTOR="Oracle Corporation" 
JAVA_RUNTIME_VERSION="26.0.1+8-34" 
JAVA_VERSION="26.0.1" 
JAVA_VERSION_DATE="2026-04-21" 
LIBC="default" 
MODULES="java.base java.compiler java.datatransfer java.xml java.prefs java.desktop java.instrument java.logging java.management java.security.sasl java.naming java.rmi java.management.rmi java.net.http java.scripting java.security.jgss java.transaction.xa java.sql java.sql.rowset java.xml.crypto java.se java.smartcardio jdk.accessibility jdk.internal.jvmstat jdk.attach jdk.charsets jdk.internal.opt jdk.zipfs jdk.compiler jdk.crypto.cryptoki jdk.crypto.ec jdk.crypto.mscapi jdk.dynalink jdk.internal.ed jdk.editpad jdk.internal.vm.ci jdk.graal.compiler jdk.graal.compiler.management jdk.hotspot.agent jdk.httpserver jdk.incubator.vector jdk.internal.le jdk.internal.md jdk.jartool jdk.javadoc jdk.jcmd jdk.management jdk.management.agent jdk.jconsole jdk.jdeps jdk.jdwp.agent jdk.jdi jdk.jfr jdk.jlink jdk.jpackage jdk.jshell jdk.jstatd jdk.localedata jdk.management.jfr jdk.naming.dns jdk.naming.rmi jdk.net jdk.nio.mapmode jdk.sctp jdk.security.auth jdk.security.jgss jdk.unsupported jdk.unsupported.desktop jdk.xml.dom" 
OS_ARCH="x86_64" 
OS_NAME="Windows" 
SOURCE=".:git:8fcde8268d22 open:git:fcc00fc4aee7" 

Environment Variables:
JAVA_HOME=C:\Program Files\Eclipse Adoptium\jdk-21.0.7.6-hotspot\
PATH=C:\Program Files\Java\jdk-26.0.1\bin;C:\Program Files\Eclipse Adoptium\jdk-21.0.7.6-hotspot\bin;C:\WINDOWS\system32;C:\WINDOWS;C:\WINDOWS\System32\Wbem;C:\WINDOWS\System32\WindowsPowerShell\v1.0\;C:\WINDOWS\System32\OpenSSH\;C:\Program Files\Java\jdk-26\bin;C:\Program Files\Git\cmd;C:\Users\HP\AppData\Local\Programs\Python\Python314\Scripts\;C:\Users\HP\AppData\Local\Programs\Python\Python314\;C:\Users\HP\AppData\Local\Programs\Python\Launcher\;C:\Program Files\MySQL\MySQL Shell 8.0\bin\;C:\Users\HP\AppData\Local\Microsoft\WindowsApps;C:\Program Files\JetBrains\IntelliJ IDEA Community Edition 2025.1.1.1\bin;;C:\Users\HP\AppData\Local\Programs\Microsoft VS Code\bin;c:\Users\HP\.vscode\extensions\vscjava.vscode-java-debug-0.59.0\bundled\scripts\noConfigScripts
USERNAME=HP
LANG=en_US.UTF-8
OS=Windows_NT
PROCESSOR_IDENTIFIER=Intel64 Family 6 Model 154 Stepping 4, GenuineIntel
TMP=C:\Users\HP\AppData\Local\Temp
TEMP=C:\Users\HP\AppData\Local\Temp




Compilation memory statistics disabled.

Periodic native trim disabled

---------------  S Y S T E M  ---------------

OS:
 Windows 11 , 64 bit Build 26100 (10.0.26100.8328)
OS uptime: 23 days 1:38 hours
Hyper-V role detected

CPU: total 12 (initial active 12) (hybrid) family 6 model 154 stepping 4 microcode 0x42c, cx8, cmov, fxsr, ht, mmx, 3dnowpref, sse, sse2, sse3, ssse3, sse4.1, sse4.2, popcnt, lzcnt, tsc, tscinvbit, avx, avx2, aes, erms, clmul, bmi1, bmi2, adx, sha, fma, vzeroupper, clflush, clflushopt, clwb, hv, serialize, rdtscp, rdpid, fsrm, gfni, f16c, cet_ibt, cet_ss, hybrid
Processor Information for processor 0
  Max Mhz: 1300, Current Mhz: 1300, Mhz Limit: 1300
Processor Information for processor 1
  Max Mhz: 1300, Current Mhz: 1300, Mhz Limit: 1300
Processor Information for processor 2
  Max Mhz: 1300, Current Mhz: 1300, Mhz Limit: 1300
Processor Information for processor 3
  Max Mhz: 1300, Current Mhz: 1300, Mhz Limit: 1300
Processor Information for processor 4
  Max Mhz: 1300, Current Mhz: 900, Mhz Limit: 897
Processor Information for processor 5
  Max Mhz: 1300, Current Mhz: 900, Mhz Limit: 897
Processor Information for processor 6
  Max Mhz: 1300, Current Mhz: 900, Mhz Limit: 897
Processor Information for processor 7
  Max Mhz: 1300, Current Mhz: 900, Mhz Limit: 897
Processor Information for processor 8
  Max Mhz: 1300, Current Mhz: 900, Mhz Limit: 897
Processor Information for processor 9
  Max Mhz: 1300, Current Mhz: 900, Mhz Limit: 897
Processor Information for processor 10
  Max Mhz: 1300, Current Mhz: 900, Mhz Limit: 897
Processor Information for processor 11
  Max Mhz: 1300, Current Mhz: 900, Mhz Limit: 897

Memory: 4k page, system-wide physical 7863M (669M free)
TotalPageFile size 12973M (AvailPageFile size 21M)
current process WorkingSet (physical memory assigned to process): 65M, peak: 65M
current process commit charge ("private bytes"): 107M, peak: 107M

vm_info: Java HotSpot(TM) 64-Bit Server VM (26.0.1+8-34) for windows-amd64 JRE (26.0.1+8-34), built on 2026-03-10T17:24:10Z with MS VC++ 17.13 (VS2022)

END.
